2018-04-13 22:06:24.113 [main] INFO  o.s.t.c.support.DefaultTestContextBootstrapper - Loaded default TestExecutionListener class names from location [META-INF/spring.factories]: [org.springframework.test.context.web.ServletTestExecutionListener, org.springframework.test.context.support.DirtiesContextBeforeModesTestExecutionListener, org.springframework.test.context.support.DependencyInjectionTestExecutionListener, org.springframework.test.context.support.DirtiesContextTestExecutionListener, org.springframework.test.context.transaction.TransactionalTestExecutionListener, org.springframework.test.context.jdbc.SqlScriptsTestExecutionListener]
2018-04-13 22:06:24.152 [main] INFO  o.s.t.c.support.DefaultTestContextBootstrapper - Using TestExecutionListeners: [org.springframework.test.context.web.ServletTestExecutionListener@de3a06f, org.springframework.test.context.support.DirtiesContextBeforeModesTestExecutionListener@76b10754, org.springframework.test.context.support.DependencyInjectionTestExecutionListener@2bea5ab4, org.springframework.test.context.support.DirtiesContextTestExecutionListener@3d8314f0, org.springframework.test.context.transaction.TransactionalTestExecutionListener@2df32bf7, org.springframework.test.context.jdbc.SqlScriptsTestExecutionListener@530612ba]
2018-04-13 22:06:24.350 [main] INFO  o.s.beans.factory.xml.XmlBeanDefinitionReader - Loading XML bean definitions from class path resource [spring-mybatis.xml]
2018-04-13 22:06:25.061 [main] INFO  o.s.context.support.GenericApplicationContext - Refreshing org.springframework.context.support.GenericApplicationContext@525b461a: startup date [Fri Apr 13 22:06:25 CST 2018]; root of context hierarchy
2018-04-13 22:06:25.378 [main] INFO  o.s.b.f.a.AutowiredAnnotationBeanPostProcessor - JSR-330 'javax.inject.Inject' annotation found and supported for autowiring
2018-04-13 22:06:27.128 [main] INFO  com.alibaba.druid.pool.DruidDataSource - {dataSource-1} inited
2018-04-13 22:06:27.989 [Thread-1] INFO  o.s.context.support.GenericApplicationContext - Closing org.springframework.context.support.GenericApplicationContext@525b461a: startup date [Fri Apr 13 22:06:25 CST 2018]; root of context hierarchy
2018-04-13 22:06:27.997 [Thread-1] INFO  com.alibaba.druid.pool.DruidDataSource - {dataSource-1} closed
2018-04-13 22:12:46.188 [main] INFO  o.s.t.c.support.DefaultTestContextBootstrapper - Loaded default TestExecutionListener class names from location [META-INF/spring.factories]: [org.springframework.test.context.web.ServletTestExecutionListener, org.springframework.test.context.support.DirtiesContextBeforeModesTestExecutionListener, org.springframework.test.context.support.DependencyInjectionTestExecutionListener, org.springframework.test.context.support.DirtiesContextTestExecutionListener, org.springframework.test.context.transaction.TransactionalTestExecutionListener, org.springframework.test.context.jdbc.SqlScriptsTestExecutionListener]
2018-04-13 22:12:46.221 [main] INFO  o.s.t.c.support.DefaultTestContextBootstrapper - Using TestExecutionListeners: [org.springframework.test.context.web.ServletTestExecutionListener@de3a06f, org.springframework.test.context.support.DirtiesContextBeforeModesTestExecutionListener@76b10754, org.springframework.test.context.support.DependencyInjectionTestExecutionListener@2bea5ab4, org.springframework.test.context.support.DirtiesContextTestExecutionListener@3d8314f0, org.springframework.test.context.transaction.TransactionalTestExecutionListener@2df32bf7, org.springframework.test.context.jdbc.SqlScriptsTestExecutionListener@530612ba]
2018-04-13 22:12:46.357 [main] INFO  o.s.beans.factory.xml.XmlBeanDefinitionReader - Loading XML bean definitions from class path resource [spring-mybatis.xml]
2018-04-13 22:12:47.031 [main] INFO  o.s.context.support.GenericApplicationContext - Refreshing org.springframework.context.support.GenericApplicationContext@525b461a: startup date [Fri Apr 13 22:12:47 CST 2018]; root of context hierarchy
2018-04-13 22:12:47.457 [main] INFO  o.s.b.f.a.AutowiredAnnotationBeanPostProcessor - JSR-330 'javax.inject.Inject' annotation found and supported for autowiring
2018-04-13 22:12:49.233 [main] INFO  com.alibaba.druid.pool.DruidDataSource - {dataSource-1} inited
2018-04-13 22:12:49.353 [main] WARN  o.s.context.support.GenericApplicationContext - Exception encountered during context initialization - cancelling refresh attempt: org.springframework.beans.factory.UnsatisfiedDependencyException: Error creating bean with name 'homeController': Unsatisfied dependency expressed through field 'categoryService'; nested exception is org.springframework.beans.factory.UnsatisfiedDependencyException: Error creating bean with name 'categoryServiceImpl': Unsatisfied dependency expressed through field 'categoryMapper'; nested exception is org.springframework.beans.factory.BeanCreationException: Error creating bean with name 'categoryMapper' defined in file [/Users/chenjian/IdeaProjects/expo/target/classes/com/honger/expo/dao/CategoryMapper.class]: Cannot resolve reference to bean 'sqlSessionFactory' while setting bean property 'sqlSessionFactory'; nested exception is org.springframework.beans.factory.BeanCreationException: Error creating bean with name 'sqlSessionFactory' defined in class path resource [spring-mybatis.xml]: Invocation of init method failed; nested exception is org.springframework.core.NestedIOException: Failed to parse config resource: class path resource [mybatis-config.xml]; nested exception is org.apache.ibatis.builder.BuilderException: Error parsing SQL Mapper Configuration. Cause: org.apache.ibatis.builder.BuilderException: Error resolving class. Cause: org.apache.ibatis.type.TypeException: Could not resolve type alias 'com.github.pagehelper.PageHelper'.  Cause: java.lang.ClassNotFoundException: Cannot find class: com.github.pagehelper.PageHelper
2018-04-13 22:12:49.357 [main] INFO  com.alibaba.druid.pool.DruidDataSource - {dataSource-1} closed
2018-04-13 22:12:49.362 [main] ERROR o.springframework.test.context.TestContextManager - Caught exception while allowing TestExecutionListener [org.springframework.test.context.support.DependencyInjectionTestExecutionListener@2bea5ab4] to prepare test instance [com.honger.expo.dao.RegionDataDaoTest@ec2cc4]
java.lang.IllegalStateException: Failed to load ApplicationContext
	at org.springframework.test.context.cache.DefaultCacheAwareContextLoaderDelegate.loadContext(DefaultCacheAwareContextLoaderDelegate.java:125)
	at org.springframework.test.context.support.DefaultTestContext.getApplicationContext(DefaultTestContext.java:107)
	at org.springframework.test.context.support.DependencyInjectionTestExecutionListener.injectDependencies(DependencyInjectionTestExecutionListener.java:117)
	at org.springframework.test.context.support.DependencyInjectionTestExecutionListener.prepareTestInstance(DependencyInjectionTestExecutionListener.java:83)
	at org.springframework.test.context.TestContextManager.prepareTestInstance(TestContextManager.java:242)
	at org.springframework.test.context.junit4.SpringJUnit4ClassRunner.createTest(SpringJUnit4ClassRunner.java:227)
	at org.springframework.test.context.junit4.SpringJUnit4ClassRunner$1.runReflectiveCall(SpringJUnit4ClassRunner.java:289)
	at org.junit.internal.runners.model.ReflectiveCallable.run(ReflectiveCallable.java:12)
	at org.springframework.test.context.junit4.SpringJUnit4ClassRunner.methodBlock(SpringJUnit4ClassRunner.java:291)
	at org.springframework.test.context.junit4.SpringJUnit4ClassRunner.runChild(SpringJUnit4ClassRunner.java:246)
	at org.springframework.test.context.junit4.SpringJUnit4ClassRunner.runChild(SpringJUnit4ClassRunner.java:97)
	at org.junit.runners.ParentRunner$3.run(ParentRunner.java:290)
	at org.junit.runners.ParentRunner$1.schedule(ParentRunner.java:71)
	at org.junit.runners.ParentRunner.runChildren(ParentRunner.java:288)
	at org.junit.runners.ParentRunner.access$000(ParentRunner.java:58)
	at org.junit.runners.ParentRunner$2.evaluate(ParentRunner.java:268)
	at org.springframework.test.context.junit4.statements.RunBeforeTestClassCallbacks.evaluate(RunBeforeTestClassCallbacks.java:61)
	at org.springframework.test.context.junit4.statements.RunAfterTestClassCallbacks.evaluate(RunAfterTestClassCallbacks.java:70)
	at org.junit.runners.ParentRunner.run(ParentRunner.java:363)
	at org.springframework.test.context.junit4.SpringJUnit4ClassRunner.run(SpringJUnit4ClassRunner.java:190)
	at org.junit.runner.JUnitCore.run(JUnitCore.java:137)
	at com.intellij.junit4.JUnit4IdeaTestRunner.startRunnerWithArgs(JUnit4IdeaTestRunner.java:68)
	at com.intellij.rt.execution.junit.IdeaTestRunner$Repeater.startRunnerWithArgs(IdeaTestRunner.java:51)
	at com.intellij.rt.execution.junit.JUnitStarter.prepareStreamsAndStart(JUnitStarter.java:237)
	at com.intellij.rt.execution.junit.JUnitStarter.main(JUnitStarter.java:70)
	at sun.reflect.NativeMethodAccessorImpl.invoke0(Native Method)
	at sun.reflect.NativeMethodAccessorImpl.invoke(NativeMethodAccessorImpl.java:62)
	at sun.reflect.DelegatingMethodAccessorImpl.invoke(DelegatingMethodAccessorImpl.java:43)
	at java.lang.reflect.Method.invoke(Method.java:498)
	at com.intellij.rt.execution.application.AppMain.main(AppMain.java:147)
Caused by: org.springframework.beans.factory.UnsatisfiedDependencyException: Error creating bean with name 'homeController': Unsatisfied dependency expressed through field 'categoryService'; nested exception is org.springframework.beans.factory.UnsatisfiedDependencyException: Error creating bean with name 'categoryServiceImpl': Unsatisfied dependency expressed through field 'categoryMapper'; nested exception is org.springframework.beans.factory.BeanCreationException: Error creating bean with name 'categoryMapper' defined in file [/Users/chenjian/IdeaProjects/expo/target/classes/com/honger/expo/dao/CategoryMapper.class]: Cannot resolve reference to bean 'sqlSessionFactory' while setting bean property 'sqlSessionFactory'; nested exception is org.springframework.beans.factory.BeanCreationException: Error creating bean with name 'sqlSessionFactory' defined in class path resource [spring-mybatis.xml]: Invocation of init method failed; nested exception is org.springframework.core.NestedIOException: Failed to parse config resource: class path resource [mybatis-config.xml]; nested exception is org.apache.ibatis.builder.BuilderException: Error parsing SQL Mapper Configuration. Cause: org.apache.ibatis.builder.BuilderException: Error resolving class. Cause: org.apache.ibatis.type.TypeException: Could not resolve type alias 'com.github.pagehelper.PageHelper'.  Cause: java.lang.ClassNotFoundException: Cannot find class: com.github.pagehelper.PageHelper
	at org.springframework.beans.factory.annotation.AutowiredAnnotationBeanPostProcessor$AutowiredFieldElement.inject(AutowiredAnnotationBeanPostProcessor.java:581)
	at org.springframework.beans.factory.annotation.InjectionMetadata.inject(InjectionMetadata.java:91)
	at org.springframework.beans.factory.annotation.AutowiredAnnotationBeanPostProcessor.postProcessPropertyValues(AutowiredAnnotationBeanPostProcessor.java:367)
	at org.springframework.beans.factory.support.AbstractAutowireCapableBeanFactory.populateBean(AbstractAutowireCapableBeanFactory.java:1340)
	at org.springframework.beans.factory.support.AbstractAutowireCapableBeanFactory.doCreateBean(AbstractAutowireCapableBeanFactory.java:582)
	at org.springframework.beans.factory.support.AbstractAutowireCapableBeanFactory.createBean(AbstractAutowireCapableBeanFactory.java:502)
	at org.springframework.beans.factory.support.AbstractBeanFactory.lambda$doGetBean$0(AbstractBeanFactory.java:312)
	at org.springframework.beans.factory.support.DefaultSingletonBeanRegistry.getSingleton(DefaultSingletonBeanRegistry.java:228)
	at org.springframework.beans.factory.support.AbstractBeanFactory.doGetBean(AbstractBeanFactory.java:310)
	at org.springframework.beans.factory.support.AbstractBeanFactory.getBean(AbstractBeanFactory.java:200)
	at org.springframework.beans.factory.support.DefaultListableBeanFactory.preInstantiateSingletons(DefaultListableBeanFactory.java:756)
	at org.springframework.context.support.AbstractApplicationContext.finishBeanFactoryInitialization(AbstractApplicationContext.java:868)
	at org.springframework.context.support.AbstractApplicationContext.refresh(AbstractApplicationContext.java:549)
	at org.springframework.test.context.support.AbstractGenericContextLoader.loadContext(AbstractGenericContextLoader.java:128)
	at org.springframework.test.context.support.AbstractGenericContextLoader.loadContext(AbstractGenericContextLoader.java:60)
	at org.springframework.test.context.support.AbstractDelegatingSmartContextLoader.delegateLoading(AbstractDelegatingSmartContextLoader.java:109)
	at org.springframework.test.context.support.AbstractDelegatingSmartContextLoader.loadContext(AbstractDelegatingSmartContextLoader.java:246)
	at org.springframework.test.context.cache.DefaultCacheAwareContextLoaderDelegate.loadContextInternal(DefaultCacheAwareContextLoaderDelegate.java:99)
	at org.springframework.test.context.cache.DefaultCacheAwareContextLoaderDelegate.loadContext(DefaultCacheAwareContextLoaderDelegate.java:117)
	... 29 common frames omitted
Caused by: org.springframework.beans.factory.UnsatisfiedDependencyException: Error creating bean with name 'categoryServiceImpl': Unsatisfied dependency expressed through field 'categoryMapper'; nested exception is org.springframework.beans.factory.BeanCreationException: Error creating bean with name 'categoryMapper' defined in file [/Users/chenjian/IdeaProjects/expo/target/classes/com/honger/expo/dao/CategoryMapper.class]: Cannot resolve reference to bean 'sqlSessionFactory' while setting bean property 'sqlSessionFactory'; nested exception is org.springframework.beans.factory.BeanCreationException: Error creating bean with name 'sqlSessionFactory' defined in class path resource [spring-mybatis.xml]: Invocation of init method failed; nested exception is org.springframework.core.NestedIOException: Failed to parse config resource: class path resource [mybatis-config.xml]; nested exception is org.apache.ibatis.builder.BuilderException: Error parsing SQL Mapper Configuration. Cause: org.apache.ibatis.builder.BuilderException: Error resolving class. Cause: org.apache.ibatis.type.TypeException: Could not resolve type alias 'com.github.pagehelper.PageHelper'.  Cause: java.lang.ClassNotFoundException: Cannot find class: com.github.pagehelper.PageHelper
	at org.springframework.beans.factory.annotation.AutowiredAnnotationBeanPostProcessor$AutowiredFieldElement.inject(AutowiredAnnotationBeanPostProcessor.java:581)
	at org.springframework.beans.factory.annotation.InjectionMetadata.inject(InjectionMetadata.java:91)
	at org.springframework.beans.factory.annotation.AutowiredAnnotationBeanPostProcessor.postProcessPropertyValues(AutowiredAnnotationBeanPostProcessor.java:367)
	at org.springframework.beans.factory.support.AbstractAutowireCapableBeanFactory.populateBean(AbstractAutowireCapableBeanFactory.java:1340)
	at org.springframework.beans.factory.support.AbstractAutowireCapableBeanFactory.doCreateBean(AbstractAutowireCapableBeanFactory.java:582)
	at org.springframework.beans.factory.support.AbstractAutowireCapableBeanFactory.createBean(AbstractAutowireCapableBeanFactory.java:502)
	at org.springframework.beans.factory.support.AbstractBeanFactory.lambda$doGetBean$0(AbstractBeanFactory.java:312)
	at org.springframework.beans.factory.support.DefaultSingletonBeanRegistry.getSingleton(DefaultSingletonBeanRegistry.java:228)
	at org.springframework.beans.factory.support.AbstractBeanFactory.doGetBean(AbstractBeanFactory.java:310)
	at org.springframework.beans.factory.support.AbstractBeanFactory.getBean(AbstractBeanFactory.java:200)
	at org.springframework.beans.factory.config.DependencyDescriptor.resolveCandidate(DependencyDescriptor.java:251)
	at org.springframework.beans.factory.support.DefaultListableBeanFactory.doResolveDependency(DefaultListableBeanFactory.java:1133)
	at org.springframework.beans.factory.support.DefaultListableBeanFactory.resolveDependency(DefaultListableBeanFactory.java:1060)
	at org.springframework.beans.factory.annotation.AutowiredAnnotationBeanPostProcessor$AutowiredFieldElement.inject(AutowiredAnnotationBeanPostProcessor.java:578)
	... 47 common frames omitted
Caused by: org.springframework.beans.factory.BeanCreationException: Error creating bean with name 'categoryMapper' defined in file [/Users/chenjian/IdeaProjects/expo/target/classes/com/honger/expo/dao/CategoryMapper.class]: Cannot resolve reference to bean 'sqlSessionFactory' while setting bean property 'sqlSessionFactory'; nested exception is org.springframework.beans.factory.BeanCreationException: Error creating bean with name 'sqlSessionFactory' defined in class path resource [spring-mybatis.xml]: Invocation of init method failed; nested exception is org.springframework.core.NestedIOException: Failed to parse config resource: class path resource [mybatis-config.xml]; nested exception is org.apache.ibatis.builder.BuilderException: Error parsing SQL Mapper Configuration. Cause: org.apache.ibatis.builder.BuilderException: Error resolving class. Cause: org.apache.ibatis.type.TypeException: Could not resolve type alias 'com.github.pagehelper.PageHelper'.  Cause: java.lang.ClassNotFoundException: Cannot find class: com.github.pagehelper.PageHelper
	at org.springframework.beans.factory.support.BeanDefinitionValueResolver.resolveReference(BeanDefinitionValueResolver.java:378)
	at org.springframework.beans.factory.support.BeanDefinitionValueResolver.resolveValueIfNecessary(BeanDefinitionValueResolver.java:110)
	at org.springframework.beans.factory.support.AbstractAutowireCapableBeanFactory.applyPropertyValues(AbstractAutowireCapableBeanFactory.java:1607)
	at org.springframework.beans.factory.support.AbstractAutowireCapableBeanFactory.populateBean(AbstractAutowireCapableBeanFactory.java:1352)
	at org.springframework.beans.factory.support.AbstractAutowireCapableBeanFactory.doCreateBean(AbstractAutowireCapableBeanFactory.java:582)
	at org.springframework.beans.factory.support.AbstractAutowireCapableBeanFactory.createBean(AbstractAutowireCapableBeanFactory.java:502)
	at org.springframework.beans.factory.support.AbstractBeanFactory.lambda$doGetBean$0(AbstractBeanFactory.java:312)
	at org.springframework.beans.factory.support.DefaultSingletonBeanRegistry.getSingleton(DefaultSingletonBeanRegistry.java:228)
	at org.springframework.beans.factory.support.AbstractBeanFactory.doGetBean(AbstractBeanFactory.java:310)
	at org.springframework.beans.factory.support.AbstractBeanFactory.getBean(AbstractBeanFactory.java:200)
	at org.springframework.beans.factory.config.DependencyDescriptor.resolveCandidate(DependencyDescriptor.java:251)
	at org.springframework.beans.factory.support.DefaultListableBeanFactory.doResolveDependency(DefaultListableBeanFactory.java:1133)
	at org.springframework.beans.factory.support.DefaultListableBeanFactory.resolveDependency(DefaultListableBeanFactory.java:1060)
	at org.springframework.beans.factory.annotation.AutowiredAnnotationBeanPostProcessor$AutowiredFieldElement.inject(AutowiredAnnotationBeanPostProcessor.java:578)
	... 60 common frames omitted
Caused by: org.springframework.beans.factory.BeanCreationException: Error creating bean with name 'sqlSessionFactory' defined in class path resource [spring-mybatis.xml]: Invocation of init method failed; nested exception is org.springframework.core.NestedIOException: Failed to parse config resource: class path resource [mybatis-config.xml]; nested exception is org.apache.ibatis.builder.BuilderException: Error parsing SQL Mapper Configuration. Cause: org.apache.ibatis.builder.BuilderException: Error resolving class. Cause: org.apache.ibatis.type.TypeException: Could not resolve type alias 'com.github.pagehelper.PageHelper'.  Cause: java.lang.ClassNotFoundException: Cannot find class: com.github.pagehelper.PageHelper
	at org.springframework.beans.factory.support.AbstractAutowireCapableBeanFactory.initializeBean(AbstractAutowireCapableBeanFactory.java:1704)
	at org.springframework.beans.factory.support.AbstractAutowireCapableBeanFactory.doCreateBean(AbstractAutowireCapableBeanFactory.java:583)
	at org.springframework.beans.factory.support.AbstractAutowireCapableBeanFactory.createBean(AbstractAutowireCapableBeanFactory.java:502)
	at org.springframework.beans.factory.support.AbstractBeanFactory.lambda$doGetBean$0(AbstractBeanFactory.java:312)
	at org.springframework.beans.factory.support.DefaultSingletonBeanRegistry.getSingleton(DefaultSingletonBeanRegistry.java:228)
	at org.springframework.beans.factory.support.AbstractBeanFactory.doGetBean(AbstractBeanFactory.java:310)
	at org.springframework.beans.factory.support.AbstractBeanFactory.getBean(AbstractBeanFactory.java:200)
	at org.springframework.beans.factory.support.BeanDefinitionValueResolver.resolveReference(BeanDefinitionValueResolver.java:367)
	... 73 common frames omitted
Caused by: org.springframework.core.NestedIOException: Failed to parse config resource: class path resource [mybatis-config.xml]; nested exception is org.apache.ibatis.builder.BuilderException: Error parsing SQL Mapper Configuration. Cause: org.apache.ibatis.builder.BuilderException: Error resolving class. Cause: org.apache.ibatis.type.TypeException: Could not resolve type alias 'com.github.pagehelper.PageHelper'.  Cause: java.lang.ClassNotFoundException: Cannot find class: com.github.pagehelper.PageHelper
	at org.mybatis.spring.SqlSessionFactoryBean.buildSqlSessionFactory(SqlSessionFactoryBean.java:500)
	at org.mybatis.spring.SqlSessionFactoryBean.afterPropertiesSet(SqlSessionFactoryBean.java:380)
	at org.springframework.beans.factory.support.AbstractAutowireCapableBeanFactory.invokeInitMethods(AbstractAutowireCapableBeanFactory.java:1763)
	at org.springframework.beans.factory.support.AbstractAutowireCapableBeanFactory.initializeBean(AbstractAutowireCapableBeanFactory.java:1700)
	... 80 common frames omitted
Caused by: org.apache.ibatis.builder.BuilderException: Error parsing SQL Mapper Configuration. Cause: org.apache.ibatis.builder.BuilderException: Error resolving class. Cause: org.apache.ibatis.type.TypeException: Could not resolve type alias 'com.github.pagehelper.PageHelper'.  Cause: java.lang.ClassNotFoundException: Cannot find class: com.github.pagehelper.PageHelper
	at org.apache.ibatis.builder.xml.XMLConfigBuilder.parseConfiguration(XMLConfigBuilder.java:121)
	at org.apache.ibatis.builder.xml.XMLConfigBuilder.parse(XMLConfigBuilder.java:99)
	at org.mybatis.spring.SqlSessionFactoryBean.buildSqlSessionFactory(SqlSessionFactoryBean.java:494)
	... 83 common frames omitted
Caused by: org.apache.ibatis.builder.BuilderException: Error resolving class. Cause: org.apache.ibatis.type.TypeException: Could not resolve type alias 'com.github.pagehelper.PageHelper'.  Cause: java.lang.ClassNotFoundException: Cannot find class: com.github.pagehelper.PageHelper
	at org.apache.ibatis.builder.BaseBuilder.resolveClass(BaseBuilder.java:118)
	at org.apache.ibatis.builder.xml.XMLConfigBuilder.pluginElement(XMLConfigBuilder.java:183)
	at org.apache.ibatis.builder.xml.XMLConfigBuilder.parseConfiguration(XMLConfigBuilder.java:110)
	... 85 common frames omitted
Caused by: org.apache.ibatis.type.TypeException: Could not resolve type alias 'com.github.pagehelper.PageHelper'.  Cause: java.lang.ClassNotFoundException: Cannot find class: com.github.pagehelper.PageHelper
	at org.apache.ibatis.type.TypeAliasRegistry.resolveAlias(TypeAliasRegistry.java:120)
	at org.apache.ibatis.builder.BaseBuilder.resolveAlias(BaseBuilder.java:149)
	at org.apache.ibatis.builder.BaseBuilder.resolveClass(BaseBuilder.java:116)
	... 87 common frames omitted
Caused by: java.lang.ClassNotFoundException: Cannot find class: com.github.pagehelper.PageHelper
	at org.apache.ibatis.io.ClassLoaderWrapper.classForName(ClassLoaderWrapper.java:200)
	at org.apache.ibatis.io.ClassLoaderWrapper.classForName(ClassLoaderWrapper.java:89)
	at org.apache.ibatis.io.Resources.classForName(Resources.java:261)
	at org.apache.ibatis.type.TypeAliasRegistry.resolveAlias(TypeAliasRegistry.java:116)
	... 89 common frames omitted
2018-04-13 22:13:21.546 [main] INFO  o.s.t.c.support.DefaultTestContextBootstrapper - Loaded default TestExecutionListener class names from location [META-INF/spring.factories]: [org.springframework.test.context.web.ServletTestExecutionListener, org.springframework.test.context.support.DirtiesContextBeforeModesTestExecutionListener, org.springframework.test.context.support.DependencyInjectionTestExecutionListener, org.springframework.test.context.support.DirtiesContextTestExecutionListener, org.springframework.test.context.transaction.TransactionalTestExecutionListener, org.springframework.test.context.jdbc.SqlScriptsTestExecutionListener]
2018-04-13 22:13:21.568 [main] INFO  o.s.t.c.support.DefaultTestContextBootstrapper - Using TestExecutionListeners: [org.springframework.test.context.web.ServletTestExecutionListener@de3a06f, org.springframework.test.context.support.DirtiesContextBeforeModesTestExecutionListener@76b10754, org.springframework.test.context.support.DependencyInjectionTestExecutionListener@2bea5ab4, org.springframework.test.context.support.DirtiesContextTestExecutionListener@3d8314f0, org.springframework.test.context.transaction.TransactionalTestExecutionListener@2df32bf7, org.springframework.test.context.jdbc.SqlScriptsTestExecutionListener@530612ba]
2018-04-13 22:13:21.670 [main] INFO  o.s.beans.factory.xml.XmlBeanDefinitionReader - Loading XML bean definitions from class path resource [spring-mybatis.xml]
2018-04-13 22:13:22.141 [main] INFO  o.s.context.support.GenericApplicationContext - Refreshing org.springframework.context.support.GenericApplicationContext@525b461a: startup date [Fri Apr 13 22:13:22 CST 2018]; root of context hierarchy
2018-04-13 22:13:22.533 [main] INFO  o.s.b.f.a.AutowiredAnnotationBeanPostProcessor - JSR-330 'javax.inject.Inject' annotation found and supported for autowiring
2018-04-13 22:13:24.210 [main] INFO  com.alibaba.druid.pool.DruidDataSource - {dataSource-1} inited
2018-04-13 22:13:25.043 [Thread-1] INFO  o.s.context.support.GenericApplicationContext - Closing org.springframework.context.support.GenericApplicationContext@525b461a: startup date [Fri Apr 13 22:13:22 CST 2018]; root of context hierarchy
2018-04-13 22:13:25.053 [Thread-1] INFO  com.alibaba.druid.pool.DruidDataSource - {dataSource-1} closed
2018-04-13 22:15:56.867 [main] INFO  o.s.t.c.support.DefaultTestContextBootstrapper - Loaded default TestExecutionListener class names from location [META-INF/spring.factories]: [org.springframework.test.context.web.ServletTestExecutionListener, org.springframework.test.context.support.DirtiesContextBeforeModesTestExecutionListener, org.springframework.test.context.support.DependencyInjectionTestExecutionListener, org.springframework.test.context.support.DirtiesContextTestExecutionListener, org.springframework.test.context.transaction.TransactionalTestExecutionListener, org.springframework.test.context.jdbc.SqlScriptsTestExecutionListener]
2018-04-13 22:15:56.916 [main] INFO  o.s.t.c.support.DefaultTestContextBootstrapper - Using TestExecutionListeners: [org.springframework.test.context.web.ServletTestExecutionListener@1613674b, org.springframework.test.context.support.DirtiesContextBeforeModesTestExecutionListener@27ff5d15, org.springframework.test.context.support.DependencyInjectionTestExecutionListener@4e096385, org.springframework.test.context.support.DirtiesContextTestExecutionListener@649bec2e, org.springframework.test.context.transaction.TransactionalTestExecutionListener@693fe6c9, org.springframework.test.context.jdbc.SqlScriptsTestExecutionListener@34f5090e]
2018-04-13 22:15:57.083 [main] INFO  o.s.beans.factory.xml.XmlBeanDefinitionReader - Loading XML bean definitions from class path resource [spring-mybatis.xml]
2018-04-13 22:15:57.565 [main] INFO  o.s.context.support.GenericApplicationContext - Refreshing org.springframework.context.support.GenericApplicationContext@31fa1761: startup date [Fri Apr 13 22:15:57 CST 2018]; root of context hierarchy
2018-04-13 22:15:57.913 [main] INFO  o.s.b.f.a.AutowiredAnnotationBeanPostProcessor - JSR-330 'javax.inject.Inject' annotation found and supported for autowiring
2018-04-13 22:15:59.840 [main] INFO  com.alibaba.druid.pool.DruidDataSource - {dataSource-1} inited
2018-04-13 22:16:45.000 [Thread-1] INFO  o.s.context.support.GenericApplicationContext - Closing org.springframework.context.support.GenericApplicationContext@31fa1761: startup date [Fri Apr 13 22:15:57 CST 2018]; root of context hierarchy
2018-04-13 22:16:45.009 [Thread-1] INFO  com.alibaba.druid.pool.DruidDataSource - {dataSource-1} closed
2018-04-13 22:18:17.136 [main] INFO  o.s.t.c.support.DefaultTestContextBootstrapper - Loaded default TestExecutionListener class names from location [META-INF/spring.factories]: [org.springframework.test.context.web.ServletTestExecutionListener, org.springframework.test.context.support.DirtiesContextBeforeModesTestExecutionListener, org.springframework.test.context.support.DependencyInjectionTestExecutionListener, org.springframework.test.context.support.DirtiesContextTestExecutionListener, org.springframework.test.context.transaction.TransactionalTestExecutionListener, org.springframework.test.context.jdbc.SqlScriptsTestExecutionListener]
2018-04-13 22:18:17.161 [main] INFO  o.s.t.c.support.DefaultTestContextBootstrapper - Using TestExecutionListeners: [org.springframework.test.context.web.ServletTestExecutionListener@276438c9, org.springframework.test.context.support.DirtiesContextBeforeModesTestExecutionListener@588df31b, org.springframework.test.context.support.DependencyInjectionTestExecutionListener@33b37288, org.springframework.test.context.support.DirtiesContextTestExecutionListener@77a57272, org.springframework.test.context.transaction.TransactionalTestExecutionListener@7181ae3f, org.springframework.test.context.jdbc.SqlScriptsTestExecutionListener@46238e3f]
2018-04-13 22:18:17.253 [main] INFO  o.s.beans.factory.xml.XmlBeanDefinitionReader - Loading XML bean definitions from class path resource [spring-mybatis.xml]
2018-04-13 22:18:17.733 [main] INFO  o.s.context.support.GenericApplicationContext - Refreshing org.springframework.context.support.GenericApplicationContext@4461c7e3: startup date [Fri Apr 13 22:18:17 CST 2018]; root of context hierarchy
2018-04-13 22:18:18.180 [main] INFO  o.s.b.f.a.AutowiredAnnotationBeanPostProcessor - JSR-330 'javax.inject.Inject' annotation found and supported for autowiring
2018-04-13 22:18:19.833 [main] INFO  com.alibaba.druid.pool.DruidDataSource - {dataSource-1} inited
2018-04-13 22:18:20.570 [Thread-1] INFO  o.s.context.support.GenericApplicationContext - Closing org.springframework.context.support.GenericApplicationContext@4461c7e3: startup date [Fri Apr 13 22:18:17 CST 2018]; root of context hierarchy
2018-04-13 22:18:20.575 [Thread-1] INFO  com.alibaba.druid.pool.DruidDataSource - {dataSource-1} closed
2018-04-13 22:18:33.335 [main] INFO  o.s.t.c.support.DefaultTestContextBootstrapper - Loaded default TestExecutionListener class names from location [META-INF/spring.factories]: [org.springframework.test.context.web.ServletTestExecutionListener, org.springframework.test.context.support.DirtiesContextBeforeModesTestExecutionListener, org.springframework.test.context.support.DependencyInjectionTestExecutionListener, org.springframework.test.context.support.DirtiesContextTestExecutionListener, org.springframework.test.context.transaction.TransactionalTestExecutionListener, org.springframework.test.context.jdbc.SqlScriptsTestExecutionListener]
2018-04-13 22:18:33.356 [main] INFO  o.s.t.c.support.DefaultTestContextBootstrapper - Using TestExecutionListeners: [org.springframework.test.context.web.ServletTestExecutionListener@276438c9, org.springframework.test.context.support.DirtiesContextBeforeModesTestExecutionListener@588df31b, org.springframework.test.context.support.DependencyInjectionTestExecutionListener@33b37288, org.springframework.test.context.support.DirtiesContextTestExecutionListener@77a57272, org.springframework.test.context.transaction.TransactionalTestExecutionListener@7181ae3f, org.springframework.test.context.jdbc.SqlScriptsTestExecutionListener@46238e3f]
2018-04-13 22:18:33.446 [main] INFO  o.s.beans.factory.xml.XmlBeanDefinitionReader - Loading XML bean definitions from class path resource [spring-mybatis.xml]
2018-04-13 22:18:33.799 [main] INFO  o.s.context.support.GenericApplicationContext - Refreshing org.springframework.context.support.GenericApplicationContext@4461c7e3: startup date [Fri Apr 13 22:18:33 CST 2018]; root of context hierarchy
2018-04-13 22:18:34.340 [main] INFO  o.s.b.f.a.AutowiredAnnotationBeanPostProcessor - JSR-330 'javax.inject.Inject' annotation found and supported for autowiring
2018-04-13 22:18:36.405 [main] INFO  com.alibaba.druid.pool.DruidDataSource - {dataSource-1} inited
2018-04-13 22:18:37.196 [Thread-1] INFO  o.s.context.support.GenericApplicationContext - Closing org.springframework.context.support.GenericApplicationContext@4461c7e3: startup date [Fri Apr 13 22:18:33 CST 2018]; root of context hierarchy
2018-04-13 22:18:37.205 [Thread-1] INFO  com.alibaba.druid.pool.DruidDataSource - {dataSource-1} closed
2018-04-13 22:18:56.917 [main] INFO  o.s.t.c.support.DefaultTestContextBootstrapper - Loaded default TestExecutionListener class names from location [META-INF/spring.factories]: [org.springframework.test.context.web.ServletTestExecutionListener, org.springframework.test.context.support.DirtiesContextBeforeModesTestExecutionListener, org.springframework.test.context.support.DependencyInjectionTestExecutionListener, org.springframework.test.context.support.DirtiesContextTestExecutionListener, org.springframework.test.context.transaction.TransactionalTestExecutionListener, org.springframework.test.context.jdbc.SqlScriptsTestExecutionListener]
2018-04-13 22:18:56.939 [main] INFO  o.s.t.c.support.DefaultTestContextBootstrapper - Using TestExecutionListeners: [org.springframework.test.context.web.ServletTestExecutionListener@276438c9, org.springframework.test.context.support.DirtiesContextBeforeModesTestExecutionListener@588df31b, org.springframework.test.context.support.DependencyInjectionTestExecutionListener@33b37288, org.springframework.test.context.support.DirtiesContextTestExecutionListener@77a57272, org.springframework.test.context.transaction.TransactionalTestExecutionListener@7181ae3f, org.springframework.test.context.jdbc.SqlScriptsTestExecutionListener@46238e3f]
2018-04-13 22:18:57.035 [main] INFO  o.s.beans.factory.xml.XmlBeanDefinitionReader - Loading XML bean definitions from class path resource [spring-mybatis.xml]
2018-04-13 22:18:57.443 [main] INFO  o.s.context.support.GenericApplicationContext - Refreshing org.springframework.context.support.GenericApplicationContext@4461c7e3: startup date [Fri Apr 13 22:18:57 CST 2018]; root of context hierarchy
2018-04-13 22:18:57.804 [main] INFO  o.s.b.f.a.AutowiredAnnotationBeanPostProcessor - JSR-330 'javax.inject.Inject' annotation found and supported for autowiring
2018-04-13 22:18:59.223 [main] INFO  com.alibaba.druid.pool.DruidDataSource - {dataSource-1} inited
2018-04-13 22:18:59.900 [Thread-1] INFO  o.s.context.support.GenericApplicationContext - Closing org.springframework.context.support.GenericApplicationContext@4461c7e3: startup date [Fri Apr 13 22:18:57 CST 2018]; root of context hierarchy
2018-04-13 22:18:59.908 [Thread-1] INFO  com.alibaba.druid.pool.DruidDataSource - {dataSource-1} closed
2018-04-13 22:19:25.630 [main] INFO  o.s.t.c.support.DefaultTestContextBootstrapper - Loaded default TestExecutionListener class names from location [META-INF/spring.factories]: [org.springframework.test.context.web.ServletTestExecutionListener, org.springframework.test.context.support.DirtiesContextBeforeModesTestExecutionListener, org.springframework.test.context.support.DependencyInjectionTestExecutionListener, org.springframework.test.context.support.DirtiesContextTestExecutionListener, org.springframework.test.context.transaction.TransactionalTestExecutionListener, org.springframework.test.context.jdbc.SqlScriptsTestExecutionListener]
2018-04-13 22:19:25.650 [main] INFO  o.s.t.c.support.DefaultTestContextBootstrapper - Using TestExecutionListeners: [org.springframework.test.context.web.ServletTestExecutionListener@276438c9, org.springframework.test.context.support.DirtiesContextBeforeModesTestExecutionListener@588df31b, org.springframework.test.context.support.DependencyInjectionTestExecutionListener@33b37288, org.springframework.test.context.support.DirtiesContextTestExecutionListener@77a57272, org.springframework.test.context.transaction.TransactionalTestExecutionListener@7181ae3f, org.springframework.test.context.jdbc.SqlScriptsTestExecutionListener@46238e3f]
2018-04-13 22:19:25.747 [main] INFO  o.s.beans.factory.xml.XmlBeanDefinitionReader - Loading XML bean definitions from class path resource [spring-mybatis.xml]
2018-04-13 22:19:26.181 [main] INFO  o.s.context.support.GenericApplicationContext - Refreshing org.springframework.context.support.GenericApplicationContext@4461c7e3: startup date [Fri Apr 13 22:19:26 CST 2018]; root of context hierarchy
2018-04-13 22:19:26.574 [main] INFO  o.s.b.f.a.AutowiredAnnotationBeanPostProcessor - JSR-330 'javax.inject.Inject' annotation found and supported for autowiring
2018-04-13 22:19:28.122 [main] INFO  com.alibaba.druid.pool.DruidDataSource - {dataSource-1} inited
2018-04-13 22:19:29.656 [Thread-1] INFO  o.s.context.support.GenericApplicationContext - Closing org.springframework.context.support.GenericApplicationContext@4461c7e3: startup date [Fri Apr 13 22:19:26 CST 2018]; root of context hierarchy
2018-04-13 22:19:29.667 [Thread-1] INFO  com.alibaba.druid.pool.DruidDataSource - {dataSource-1} closed
2018-04-13 22:27:02.899 [main] INFO  o.s.t.c.support.DefaultTestContextBootstrapper - Loaded default TestExecutionListener class names from location [META-INF/spring.factories]: [org.springframework.test.context.web.ServletTestExecutionListener, org.springframework.test.context.support.DirtiesContextBeforeModesTestExecutionListener, org.springframework.test.context.support.DependencyInjectionTestExecutionListener, org.springframework.test.context.support.DirtiesContextTestExecutionListener, org.springframework.test.context.transaction.TransactionalTestExecutionListener, org.springframework.test.context.jdbc.SqlScriptsTestExecutionListener]
2018-04-13 22:27:02.930 [main] INFO  o.s.t.c.support.DefaultTestContextBootstrapper - Using TestExecutionListeners: [org.springframework.test.context.web.ServletTestExecutionListener@276438c9, org.springframework.test.context.support.DirtiesContextBeforeModesTestExecutionListener@588df31b, org.springframework.test.context.support.DependencyInjectionTestExecutionListener@33b37288, org.springframework.test.context.support.DirtiesContextTestExecutionListener@77a57272, org.springframework.test.context.transaction.TransactionalTestExecutionListener@7181ae3f, org.springframework.test.context.jdbc.SqlScriptsTestExecutionListener@46238e3f]
2018-04-13 22:27:03.049 [main] INFO  o.s.beans.factory.xml.XmlBeanDefinitionReader - Loading XML bean definitions from class path resource [spring-mybatis.xml]
2018-04-13 22:27:03.607 [main] INFO  o.s.context.support.GenericApplicationContext - Refreshing org.springframework.context.support.GenericApplicationContext@4461c7e3: startup date [Fri Apr 13 22:27:03 CST 2018]; root of context hierarchy
2018-04-13 22:27:03.960 [main] INFO  o.s.b.f.a.AutowiredAnnotationBeanPostProcessor - JSR-330 'javax.inject.Inject' annotation found and supported for autowiring
2018-04-13 22:27:05.402 [main] INFO  com.alibaba.druid.pool.DruidDataSource - {dataSource-1} inited
2018-04-13 22:27:05.811 [main] ERROR o.springframework.test.context.TestContextManager - Caught exception while allowing TestExecutionListener [org.springframework.test.context.support.DependencyInjectionTestExecutionListener@33b37288] to prepare test instance [com.honger.expo.service.impl.RegionDataServiceTest@485a3466]
org.springframework.beans.factory.UnsatisfiedDependencyException: Error creating bean with name 'com.honger.expo.service.impl.RegionDataServiceTest': Unsatisfied dependency expressed through field 'regionService'; nested exception is org.springframework.beans.factory.NoSuchBeanDefinitionException: No qualifying bean of type 'com.honger.expo.service.RegionService' available: expected at least 1 bean which qualifies as autowire candidate. Dependency annotations: {@org.springframework.beans.factory.annotation.Autowired(required=true)}
	at org.springframework.beans.factory.annotation.AutowiredAnnotationBeanPostProcessor$AutowiredFieldElement.inject(AutowiredAnnotationBeanPostProcessor.java:581)
	at org.springframework.beans.factory.annotation.InjectionMetadata.inject(InjectionMetadata.java:91)
	at org.springframework.beans.factory.annotation.AutowiredAnnotationBeanPostProcessor.postProcessPropertyValues(AutowiredAnnotationBeanPostProcessor.java:367)
	at org.springframework.beans.factory.support.AbstractAutowireCapableBeanFactory.populateBean(AbstractAutowireCapableBeanFactory.java:1340)
	at org.springframework.beans.factory.support.AbstractAutowireCapableBeanFactory.autowireBeanProperties(AbstractAutowireCapableBeanFactory.java:400)
	at org.springframework.test.context.support.DependencyInjectionTestExecutionListener.injectDependencies(DependencyInjectionTestExecutionListener.java:118)
	at org.springframework.test.context.support.DependencyInjectionTestExecutionListener.prepareTestInstance(DependencyInjectionTestExecutionListener.java:83)
	at org.springframework.test.context.TestContextManager.prepareTestInstance(TestContextManager.java:242)
	at org.springframework.test.context.junit4.SpringJUnit4ClassRunner.createTest(SpringJUnit4ClassRunner.java:227)
	at org.springframework.test.context.junit4.SpringJUnit4ClassRunner$1.runReflectiveCall(SpringJUnit4ClassRunner.java:289)
	at org.junit.internal.runners.model.ReflectiveCallable.run(ReflectiveCallable.java:12)
	at org.springframework.test.context.junit4.SpringJUnit4ClassRunner.methodBlock(SpringJUnit4ClassRunner.java:291)
	at org.springframework.test.context.junit4.SpringJUnit4ClassRunner.runChild(SpringJUnit4ClassRunner.java:246)
	at org.springframework.test.context.junit4.SpringJUnit4ClassRunner.runChild(SpringJUnit4ClassRunner.java:97)
	at org.junit.runners.ParentRunner$3.run(ParentRunner.java:290)
	at org.junit.runners.ParentRunner$1.schedule(ParentRunner.java:71)
	at org.junit.runners.ParentRunner.runChildren(ParentRunner.java:288)
	at org.junit.runners.ParentRunner.access$000(ParentRunner.java:58)
	at org.junit.runners.ParentRunner$2.evaluate(ParentRunner.java:268)
	at org.springframework.test.context.junit4.statements.RunBeforeTestClassCallbacks.evaluate(RunBeforeTestClassCallbacks.java:61)
	at org.springframework.test.context.junit4.statements.RunAfterTestClassCallbacks.evaluate(RunAfterTestClassCallbacks.java:70)
	at org.junit.runners.ParentRunner.run(ParentRunner.java:363)
	at org.springframework.test.context.junit4.SpringJUnit4ClassRunner.run(SpringJUnit4ClassRunner.java:190)
	at org.junit.runner.JUnitCore.run(JUnitCore.java:137)
	at com.intellij.junit4.JUnit4IdeaTestRunner.startRunnerWithArgs(JUnit4IdeaTestRunner.java:68)
	at com.intellij.rt.execution.junit.IdeaTestRunner$Repeater.startRunnerWithArgs(IdeaTestRunner.java:51)
	at com.intellij.rt.execution.junit.JUnitStarter.prepareStreamsAndStart(JUnitStarter.java:237)
	at com.intellij.rt.execution.junit.JUnitStarter.main(JUnitStarter.java:70)
	at sun.reflect.NativeMethodAccessorImpl.invoke0(Native Method)
	at sun.reflect.NativeMethodAccessorImpl.invoke(NativeMethodAccessorImpl.java:62)
	at sun.reflect.DelegatingMethodAccessorImpl.invoke(DelegatingMethodAccessorImpl.java:43)
	at java.lang.reflect.Method.invoke(Method.java:498)
	at com.intellij.rt.execution.application.AppMain.main(AppMain.java:147)
Caused by: org.springframework.beans.factory.NoSuchBeanDefinitionException: No qualifying bean of type 'com.honger.expo.service.RegionService' available: expected at least 1 bean which qualifies as autowire candidate. Dependency annotations: {@org.springframework.beans.factory.annotation.Autowired(required=true)}
	at org.springframework.beans.factory.support.DefaultListableBeanFactory.raiseNoMatchingBeanFound(DefaultListableBeanFactory.java:1501)
	at org.springframework.beans.factory.support.DefaultListableBeanFactory.doResolveDependency(DefaultListableBeanFactory.java:1099)
	at org.springframework.beans.factory.support.DefaultListableBeanFactory.resolveDependency(DefaultListableBeanFactory.java:1060)
	at org.springframework.beans.factory.annotation.AutowiredAnnotationBeanPostProcessor$AutowiredFieldElement.inject(AutowiredAnnotationBeanPostProcessor.java:578)
	... 32 common frames omitted
2018-04-13 22:27:05.828 [Thread-1] INFO  o.s.context.support.GenericApplicationContext - Closing org.springframework.context.support.GenericApplicationContext@4461c7e3: startup date [Fri Apr 13 22:27:03 CST 2018]; root of context hierarchy
2018-04-13 22:27:05.842 [Thread-1] INFO  com.alibaba.druid.pool.DruidDataSource - {dataSource-1} closed
2018-04-13 22:27:49.783 [main] INFO  o.s.t.c.support.DefaultTestContextBootstrapper - Loaded default TestExecutionListener class names from location [META-INF/spring.factories]: [org.springframework.test.context.web.ServletTestExecutionListener, org.springframework.test.context.support.DirtiesContextBeforeModesTestExecutionListener, org.springframework.test.context.support.DependencyInjectionTestExecutionListener, org.springframework.test.context.support.DirtiesContextTestExecutionListener, org.springframework.test.context.transaction.TransactionalTestExecutionListener, org.springframework.test.context.jdbc.SqlScriptsTestExecutionListener]
2018-04-13 22:27:49.810 [main] INFO  o.s.t.c.support.DefaultTestContextBootstrapper - Using TestExecutionListeners: [org.springframework.test.context.web.ServletTestExecutionListener@276438c9, org.springframework.test.context.support.DirtiesContextBeforeModesTestExecutionListener@588df31b, org.springframework.test.context.support.DependencyInjectionTestExecutionListener@33b37288, org.springframework.test.context.support.DirtiesContextTestExecutionListener@77a57272, org.springframework.test.context.transaction.TransactionalTestExecutionListener@7181ae3f, org.springframework.test.context.jdbc.SqlScriptsTestExecutionListener@46238e3f]
2018-04-13 22:27:49.906 [main] INFO  o.s.beans.factory.xml.XmlBeanDefinitionReader - Loading XML bean definitions from class path resource [spring-mybatis.xml]
2018-04-13 22:27:50.404 [main] INFO  o.s.context.support.GenericApplicationContext - Refreshing org.springframework.context.support.GenericApplicationContext@4461c7e3: startup date [Fri Apr 13 22:27:50 CST 2018]; root of context hierarchy
2018-04-13 22:27:50.779 [main] INFO  o.s.b.f.a.AutowiredAnnotationBeanPostProcessor - JSR-330 'javax.inject.Inject' annotation found and supported for autowiring
2018-04-13 22:27:52.321 [main] INFO  com.alibaba.druid.pool.DruidDataSource - {dataSource-1} inited
2018-04-13 22:27:53.596 [Thread-1] INFO  o.s.context.support.GenericApplicationContext - Closing org.springframework.context.support.GenericApplicationContext@4461c7e3: startup date [Fri Apr 13 22:27:50 CST 2018]; root of context hierarchy
2018-04-13 22:27:53.602 [Thread-1] INFO  com.alibaba.druid.pool.DruidDataSource - {dataSource-1} closed
2018-04-13 22:37:53.271 [main] INFO  o.s.t.c.support.DefaultTestContextBootstrapper - Loaded default TestExecutionListener class names from location [META-INF/spring.factories]: [org.springframework.test.context.web.ServletTestExecutionListener, org.springframework.test.context.support.DirtiesContextBeforeModesTestExecutionListener, org.springframework.test.context.support.DependencyInjectionTestExecutionListener, org.springframework.test.context.support.DirtiesContextTestExecutionListener, org.springframework.test.context.transaction.TransactionalTestExecutionListener, org.springframework.test.context.jdbc.SqlScriptsTestExecutionListener]
2018-04-13 22:37:53.303 [main] INFO  o.s.t.c.support.DefaultTestContextBootstrapper - Using TestExecutionListeners: [org.springframework.test.context.web.ServletTestExecutionListener@276438c9, org.springframework.test.context.support.DirtiesContextBeforeModesTestExecutionListener@588df31b, org.springframework.test.context.support.DependencyInjectionTestExecutionListener@33b37288, org.springframework.test.context.support.DirtiesContextTestExecutionListener@77a57272, org.springframework.test.context.transaction.TransactionalTestExecutionListener@7181ae3f, org.springframework.test.context.jdbc.SqlScriptsTestExecutionListener@46238e3f]
2018-04-13 22:37:53.423 [main] INFO  o.s.beans.factory.xml.XmlBeanDefinitionReader - Loading XML bean definitions from class path resource [spring-mybatis.xml]
2018-04-13 22:37:53.855 [main] INFO  o.s.context.support.GenericApplicationContext - Refreshing org.springframework.context.support.GenericApplicationContext@4461c7e3: startup date [Fri Apr 13 22:37:53 CST 2018]; root of context hierarchy
2018-04-13 22:37:54.268 [main] INFO  o.s.b.f.a.AutowiredAnnotationBeanPostProcessor - JSR-330 'javax.inject.Inject' annotation found and supported for autowiring
2018-04-13 22:37:56.090 [main] INFO  com.alibaba.druid.pool.DruidDataSource - {dataSource-1} inited
2018-04-13 22:37:57.289 [Thread-1] INFO  o.s.context.support.GenericApplicationContext - Closing org.springframework.context.support.GenericApplicationContext@4461c7e3: startup date [Fri Apr 13 22:37:53 CST 2018]; root of context hierarchy
2018-04-13 22:37:57.296 [Thread-1] INFO  com.alibaba.druid.pool.DruidDataSource - {dataSource-1} closed
2018-04-13 22:52:47.137 [main] INFO  o.s.t.c.support.DefaultTestContextBootstrapper - Loaded default TestExecutionListener class names from location [META-INF/spring.factories]: [org.springframework.test.context.web.ServletTestExecutionListener, org.springframework.test.context.support.DirtiesContextBeforeModesTestExecutionListener, org.springframework.test.context.support.DependencyInjectionTestExecutionListener, org.springframework.test.context.support.DirtiesContextTestExecutionListener, org.springframework.test.context.transaction.TransactionalTestExecutionListener, org.springframework.test.context.jdbc.SqlScriptsTestExecutionListener]
2018-04-13 22:52:47.169 [main] INFO  o.s.t.c.support.DefaultTestContextBootstrapper - Using TestExecutionListeners: [org.springframework.test.context.web.ServletTestExecutionListener@276438c9, org.springframework.test.context.support.DirtiesContextBeforeModesTestExecutionListener@588df31b, org.springframework.test.context.support.DependencyInjectionTestExecutionListener@33b37288, org.springframework.test.context.support.DirtiesContextTestExecutionListener@77a57272, org.springframework.test.context.transaction.TransactionalTestExecutionListener@7181ae3f, org.springframework.test.context.jdbc.SqlScriptsTestExecutionListener@46238e3f]
2018-04-13 22:52:47.410 [main] INFO  o.s.beans.factory.xml.XmlBeanDefinitionReader - Loading XML bean definitions from class path resource [spring-mybatis.xml]
2018-04-13 22:52:48.182 [main] INFO  o.s.context.support.GenericApplicationContext - Refreshing org.springframework.context.support.GenericApplicationContext@4461c7e3: startup date [Fri Apr 13 22:52:48 CST 2018]; root of context hierarchy
2018-04-13 22:52:48.690 [main] INFO  o.s.b.f.a.AutowiredAnnotationBeanPostProcessor - JSR-330 'javax.inject.Inject' annotation found and supported for autowiring
2018-04-13 22:52:50.813 [main] INFO  com.alibaba.druid.pool.DruidDataSource - {dataSource-1} inited
2018-04-13 22:52:51.358 [Thread-1] INFO  o.s.context.support.GenericApplicationContext - Closing org.springframework.context.support.GenericApplicationContext@4461c7e3: startup date [Fri Apr 13 22:52:48 CST 2018]; root of context hierarchy
2018-04-13 22:52:51.373 [Thread-1] INFO  com.alibaba.druid.pool.DruidDataSource - {dataSource-1} closed
2018-04-13 22:53:30.297 [main] INFO  o.s.t.c.support.DefaultTestContextBootstrapper - Loaded default TestExecutionListener class names from location [META-INF/spring.factories]: [org.springframework.test.context.web.ServletTestExecutionListener, org.springframework.test.context.support.DirtiesContextBeforeModesTestExecutionListener, org.springframework.test.context.support.DependencyInjectionTestExecutionListener, org.springframework.test.context.support.DirtiesContextTestExecutionListener, org.springframework.test.context.transaction.TransactionalTestExecutionListener, org.springframework.test.context.jdbc.SqlScriptsTestExecutionListener]
2018-04-13 22:53:30.345 [main] INFO  o.s.t.c.support.DefaultTestContextBootstrapper - Using TestExecutionListeners: [org.springframework.test.context.web.ServletTestExecutionListener@588df31b, org.springframework.test.context.support.DirtiesContextBeforeModesTestExecutionListener@33b37288, org.springframework.test.context.support.DependencyInjectionTestExecutionListener@77a57272, org.springframework.test.context.support.DirtiesContextTestExecutionListener@7181ae3f, org.springframework.test.context.transaction.TransactionalTestExecutionListener@46238e3f, org.springframework.test.context.jdbc.SqlScriptsTestExecutionListener@6e2c9341]
2018-04-13 22:53:30.453 [main] INFO  o.s.beans.factory.xml.XmlBeanDefinitionReader - Loading XML bean definitions from class path resource [spring-mybatis.xml]
2018-04-13 22:53:31.215 [main] INFO  o.s.context.support.GenericApplicationContext - Refreshing org.springframework.context.support.GenericApplicationContext@351d0846: startup date [Fri Apr 13 22:53:31 CST 2018]; root of context hierarchy
2018-04-13 22:53:31.629 [main] INFO  o.s.b.f.a.AutowiredAnnotationBeanPostProcessor - JSR-330 'javax.inject.Inject' annotation found and supported for autowiring
2018-04-13 22:53:33.211 [main] INFO  com.alibaba.druid.pool.DruidDataSource - {dataSource-1} inited
2018-04-13 22:53:33.942 [Thread-1] INFO  o.s.context.support.GenericApplicationContext - Closing org.springframework.context.support.GenericApplicationContext@351d0846: startup date [Fri Apr 13 22:53:31 CST 2018]; root of context hierarchy
2018-04-13 22:53:33.955 [Thread-1] INFO  com.alibaba.druid.pool.DruidDataSource - {dataSource-1} closed
2018-04-13 22:57:02.333 [main] INFO  o.s.t.c.support.DefaultTestContextBootstrapper - Loaded default TestExecutionListener class names from location [META-INF/spring.factories]: [org.springframework.test.context.web.ServletTestExecutionListener, org.springframework.test.context.support.DirtiesContextBeforeModesTestExecutionListener, org.springframework.test.context.support.DependencyInjectionTestExecutionListener, org.springframework.test.context.support.DirtiesContextTestExecutionListener, org.springframework.test.context.transaction.TransactionalTestExecutionListener, org.springframework.test.context.jdbc.SqlScriptsTestExecutionListener]
2018-04-13 22:57:02.398 [main] INFO  o.s.t.c.support.DefaultTestContextBootstrapper - Using TestExecutionListeners: [org.springframework.test.context.web.ServletTestExecutionListener@27ff5d15, org.springframework.test.context.support.DirtiesContextBeforeModesTestExecutionListener@4e096385, org.springframework.test.context.support.DependencyInjectionTestExecutionListener@649bec2e, org.springframework.test.context.support.DirtiesContextTestExecutionListener@693fe6c9, org.springframework.test.context.transaction.TransactionalTestExecutionListener@34f5090e, org.springframework.test.context.jdbc.SqlScriptsTestExecutionListener@31e5415e]
2018-04-13 22:57:02.746 [main] INFO  o.s.beans.factory.xml.XmlBeanDefinitionReader - Loading XML bean definitions from class path resource [spring-mybatis.xml]
2018-04-13 22:57:03.389 [main] INFO  o.s.context.support.GenericApplicationContext - Refreshing org.springframework.context.support.GenericApplicationContext@957e06: startup date [Fri Apr 13 22:57:03 CST 2018]; root of context hierarchy
2018-04-13 22:57:03.719 [main] INFO  o.s.b.f.a.AutowiredAnnotationBeanPostProcessor - JSR-330 'javax.inject.Inject' annotation found and supported for autowiring
2018-04-13 22:57:03.775 [main] WARN  o.s.b.f.a.AutowiredAnnotationBeanPostProcessor - Autowired annotation should only be used on methods with parameters: public java.util.List com.honger.expo.controller.CategoryController.categories()
2018-04-13 22:57:05.352 [main] INFO  com.alibaba.druid.pool.DruidDataSource - {dataSource-1} inited
2018-04-13 22:57:06.228 [Thread-1] INFO  o.s.context.support.GenericApplicationContext - Closing org.springframework.context.support.GenericApplicationContext@957e06: startup date [Fri Apr 13 22:57:03 CST 2018]; root of context hierarchy
2018-04-13 22:57:06.238 [Thread-1] INFO  com.alibaba.druid.pool.DruidDataSource - {dataSource-1} closed
