2018-04-14 11:02:55.515 [main] INFO  o.s.t.c.support.DefaultTestContextBootstrapper - Loaded default TestExecutionListener class names from location [META-INF/spring.factories]: [org.springframework.test.context.web.ServletTestExecutionListener, org.springframework.test.context.support.DirtiesContextBeforeModesTestExecutionListener, org.springframework.test.context.support.DependencyInjectionTestExecutionListener, org.springframework.test.context.support.DirtiesContextTestExecutionListener, org.springframework.test.context.transaction.TransactionalTestExecutionListener, org.springframework.test.context.jdbc.SqlScriptsTestExecutionListener]
2018-04-14 11:02:55.575 [main] INFO  o.s.t.c.support.DefaultTestContextBootstrapper - Using TestExecutionListeners: [org.springframework.test.context.web.ServletTestExecutionListener@1b6e1eff, org.springframework.test.context.support.DirtiesContextBeforeModesTestExecutionListener@306f16f3, org.springframework.test.context.support.DependencyInjectionTestExecutionListener@702b8b12, org.springframework.test.context.support.DirtiesContextTestExecutionListener@22e357dc, org.springframework.test.context.transaction.TransactionalTestExecutionListener@49912c99, org.springframework.test.context.jdbc.SqlScriptsTestExecutionListener@10163d6]
2018-04-14 11:02:55.835 [main] INFO  o.s.beans.factory.xml.XmlBeanDefinitionReader - Loading XML bean definitions from class path resource [spring-mybatis.xml]
2018-04-14 11:02:56.331 [main] INFO  o.s.context.support.GenericApplicationContext - Refreshing org.springframework.context.support.GenericApplicationContext@437da279: startup date [Sat Apr 14 11:02:56 CST 2018]; root of context hierarchy
2018-04-14 11:02:56.658 [main] INFO  o.s.b.f.a.AutowiredAnnotationBeanPostProcessor - JSR-330 'javax.inject.Inject' annotation found and supported for autowiring
2018-04-14 11:02:59.032 [main] INFO  com.alibaba.druid.pool.DruidDataSource - {dataSource-1} inited
2018-04-14 11:02:59.883 [Thread-1] INFO  o.s.context.support.GenericApplicationContext - Closing org.springframework.context.support.GenericApplicationContext@437da279: startup date [Sat Apr 14 11:02:56 CST 2018]; root of context hierarchy
2018-04-14 11:02:59.914 [Thread-1] INFO  com.alibaba.druid.pool.DruidDataSource - {dataSource-1} closed
2018-04-14 11:05:19.473 [main] INFO  o.s.t.c.support.DefaultTestContextBootstrapper - Loaded default TestExecutionListener class names from location [META-INF/spring.factories]: [org.springframework.test.context.web.ServletTestExecutionListener, org.springframework.test.context.support.DirtiesContextBeforeModesTestExecutionListener, org.springframework.test.context.support.DependencyInjectionTestExecutionListener, org.springframework.test.context.support.DirtiesContextTestExecutionListener, org.springframework.test.context.transaction.TransactionalTestExecutionListener, org.springframework.test.context.jdbc.SqlScriptsTestExecutionListener]
2018-04-14 11:05:19.518 [main] INFO  o.s.t.c.support.DefaultTestContextBootstrapper - Using TestExecutionListeners: [org.springframework.test.context.web.ServletTestExecutionListener@1b6e1eff, org.springframework.test.context.support.DirtiesContextBeforeModesTestExecutionListener@306f16f3, org.springframework.test.context.support.DependencyInjectionTestExecutionListener@702b8b12, org.springframework.test.context.support.DirtiesContextTestExecutionListener@22e357dc, org.springframework.test.context.transaction.TransactionalTestExecutionListener@49912c99, org.springframework.test.context.jdbc.SqlScriptsTestExecutionListener@10163d6]
2018-04-14 11:05:19.904 [main] INFO  o.s.beans.factory.xml.XmlBeanDefinitionReader - Loading XML bean definitions from class path resource [spring-mybatis.xml]
2018-04-14 11:05:20.369 [main] INFO  o.s.context.support.GenericApplicationContext - Refreshing org.springframework.context.support.GenericApplicationContext@437da279: startup date [Sat Apr 14 11:05:20 CST 2018]; root of context hierarchy
2018-04-14 11:05:20.673 [main] INFO  o.s.b.f.a.AutowiredAnnotationBeanPostProcessor - JSR-330 'javax.inject.Inject' annotation found and supported for autowiring
2018-04-14 11:05:22.616 [main] INFO  com.alibaba.druid.pool.DruidDataSource - {dataSource-1} inited
2018-04-14 11:05:52.618 [Thread-1] INFO  o.s.context.support.GenericApplicationContext - Closing org.springframework.context.support.GenericApplicationContext@437da279: startup date [Sat Apr 14 11:05:20 CST 2018]; root of context hierarchy
2018-04-14 11:05:52.625 [Thread-1] INFO  com.alibaba.druid.pool.DruidDataSource - {dataSource-1} closed
2018-04-14 11:07:08.692 [main] INFO  o.s.t.c.support.DefaultTestContextBootstrapper - Loaded default TestExecutionListener class names from location [META-INF/spring.factories]: [org.springframework.test.context.web.ServletTestExecutionListener, org.springframework.test.context.support.DirtiesContextBeforeModesTestExecutionListener, org.springframework.test.context.support.DependencyInjectionTestExecutionListener, org.springframework.test.context.support.DirtiesContextTestExecutionListener, org.springframework.test.context.transaction.TransactionalTestExecutionListener, org.springframework.test.context.jdbc.SqlScriptsTestExecutionListener]
2018-04-14 11:07:08.718 [main] INFO  o.s.t.c.support.DefaultTestContextBootstrapper - Using TestExecutionListeners: [org.springframework.test.context.web.ServletTestExecutionListener@1efee8e7, org.springframework.test.context.support.DirtiesContextBeforeModesTestExecutionListener@1ee807c6, org.springframework.test.context.support.DependencyInjectionTestExecutionListener@76a4d6c, org.springframework.test.context.support.DirtiesContextTestExecutionListener@517cd4b, org.springframework.test.context.transaction.TransactionalTestExecutionListener@6cc7b4de, org.springframework.test.context.jdbc.SqlScriptsTestExecutionListener@32cf48b7]
2018-04-14 11:07:08.848 [main] INFO  o.s.beans.factory.xml.XmlBeanDefinitionReader - Loading XML bean definitions from class path resource [spring-mybatis.xml]
2018-04-14 11:07:09.382 [main] INFO  o.s.context.support.GenericApplicationContext - Refreshing org.springframework.context.support.GenericApplicationContext@64d2d351: startup date [Sat Apr 14 11:07:09 CST 2018]; root of context hierarchy
2018-04-14 11:07:09.788 [main] INFO  o.s.b.f.a.AutowiredAnnotationBeanPostProcessor - JSR-330 'javax.inject.Inject' annotation found and supported for autowiring
2018-04-14 11:07:11.480 [main] INFO  com.alibaba.druid.pool.DruidDataSource - {dataSource-1} inited
2018-04-14 11:07:12.245 [Thread-1] INFO  o.s.context.support.GenericApplicationContext - Closing org.springframework.context.support.GenericApplicationContext@64d2d351: startup date [Sat Apr 14 11:07:09 CST 2018]; root of context hierarchy
2018-04-14 11:07:12.252 [Thread-1] INFO  com.alibaba.druid.pool.DruidDataSource - {dataSource-1} closed
2018-04-14 11:08:27.353 [main] INFO  o.s.t.c.support.DefaultTestContextBootstrapper - Loaded default TestExecutionListener class names from location [META-INF/spring.factories]: [org.springframework.test.context.web.ServletTestExecutionListener, org.springframework.test.context.support.DirtiesContextBeforeModesTestExecutionListener, org.springframework.test.context.support.DependencyInjectionTestExecutionListener, org.springframework.test.context.support.DirtiesContextTestExecutionListener, org.springframework.test.context.transaction.TransactionalTestExecutionListener, org.springframework.test.context.jdbc.SqlScriptsTestExecutionListener]
2018-04-14 11:08:27.399 [main] INFO  o.s.t.c.support.DefaultTestContextBootstrapper - Using TestExecutionListeners: [org.springframework.test.context.web.ServletTestExecutionListener@1b6e1eff, org.springframework.test.context.support.DirtiesContextBeforeModesTestExecutionListener@306f16f3, org.springframework.test.context.support.DependencyInjectionTestExecutionListener@702b8b12, org.springframework.test.context.support.DirtiesContextTestExecutionListener@22e357dc, org.springframework.test.context.transaction.TransactionalTestExecutionListener@49912c99, org.springframework.test.context.jdbc.SqlScriptsTestExecutionListener@10163d6]
2018-04-14 11:08:27.717 [main] INFO  o.s.beans.factory.xml.XmlBeanDefinitionReader - Loading XML bean definitions from class path resource [spring-mybatis.xml]
2018-04-14 11:08:28.227 [main] INFO  o.s.context.support.GenericApplicationContext - Refreshing org.springframework.context.support.GenericApplicationContext@437da279: startup date [Sat Apr 14 11:08:28 CST 2018]; root of context hierarchy
2018-04-14 11:08:28.844 [main] INFO  o.s.b.f.a.AutowiredAnnotationBeanPostProcessor - JSR-330 'javax.inject.Inject' annotation found and supported for autowiring
2018-04-14 11:08:30.737 [main] INFO  com.alibaba.druid.pool.DruidDataSource - {dataSource-1} inited
2018-04-14 11:08:39.186 [Thread-1] INFO  o.s.context.support.GenericApplicationContext - Closing org.springframework.context.support.GenericApplicationContext@437da279: startup date [Sat Apr 14 11:08:28 CST 2018]; root of context hierarchy
2018-04-14 11:08:39.197 [Thread-1] INFO  com.alibaba.druid.pool.DruidDataSource - {dataSource-1} closed
2018-04-14 11:16:51.062 [main] INFO  o.s.t.c.support.DefaultTestContextBootstrapper - Loaded default TestExecutionListener class names from location [META-INF/spring.factories]: [org.springframework.test.context.web.ServletTestExecutionListener, org.springframework.test.context.support.DirtiesContextBeforeModesTestExecutionListener, org.springframework.test.context.support.DependencyInjectionTestExecutionListener, org.springframework.test.context.support.DirtiesContextTestExecutionListener, org.springframework.test.context.transaction.TransactionalTestExecutionListener, org.springframework.test.context.jdbc.SqlScriptsTestExecutionListener]
2018-04-14 11:16:51.093 [main] INFO  o.s.t.c.support.DefaultTestContextBootstrapper - Using TestExecutionListeners: [org.springframework.test.context.web.ServletTestExecutionListener@1b6e1eff, org.springframework.test.context.support.DirtiesContextBeforeModesTestExecutionListener@306f16f3, org.springframework.test.context.support.DependencyInjectionTestExecutionListener@702b8b12, org.springframework.test.context.support.DirtiesContextTestExecutionListener@22e357dc, org.springframework.test.context.transaction.TransactionalTestExecutionListener@49912c99, org.springframework.test.context.jdbc.SqlScriptsTestExecutionListener@10163d6]
2018-04-14 11:16:51.368 [main] INFO  o.s.beans.factory.xml.XmlBeanDefinitionReader - Loading XML bean definitions from class path resource [spring-mybatis.xml]
2018-04-14 11:16:51.868 [main] INFO  o.s.context.support.GenericApplicationContext - Refreshing org.springframework.context.support.GenericApplicationContext@437da279: startup date [Sat Apr 14 11:16:51 CST 2018]; root of context hierarchy
2018-04-14 11:16:52.184 [main] INFO  o.s.b.f.a.AutowiredAnnotationBeanPostProcessor - JSR-330 'javax.inject.Inject' annotation found and supported for autowiring
2018-04-14 11:16:54.009 [main] INFO  com.alibaba.druid.pool.DruidDataSource - {dataSource-1} inited
2018-04-14 11:16:55.154 [Thread-1] INFO  o.s.context.support.GenericApplicationContext - Closing org.springframework.context.support.GenericApplicationContext@437da279: startup date [Sat Apr 14 11:16:51 CST 2018]; root of context hierarchy
2018-04-14 11:16:55.166 [Thread-1] INFO  com.alibaba.druid.pool.DruidDataSource - {dataSource-1} closed
2018-04-14 16:02:25.288 [main] INFO  o.s.t.c.support.DefaultTestContextBootstrapper - Loaded default TestExecutionListener class names from location [META-INF/spring.factories]: [org.springframework.test.context.web.ServletTestExecutionListener, org.springframework.test.context.support.DirtiesContextBeforeModesTestExecutionListener, org.springframework.test.context.support.DependencyInjectionTestExecutionListener, org.springframework.test.context.support.DirtiesContextTestExecutionListener, org.springframework.test.context.transaction.TransactionalTestExecutionListener, org.springframework.test.context.jdbc.SqlScriptsTestExecutionListener]
2018-04-14 16:02:25.315 [main] INFO  o.s.t.c.support.DefaultTestContextBootstrapper - Using TestExecutionListeners: [org.springframework.test.context.web.ServletTestExecutionListener@1efee8e7, org.springframework.test.context.support.DirtiesContextBeforeModesTestExecutionListener@1ee807c6, org.springframework.test.context.support.DependencyInjectionTestExecutionListener@76a4d6c, org.springframework.test.context.support.DirtiesContextTestExecutionListener@517cd4b, org.springframework.test.context.transaction.TransactionalTestExecutionListener@6cc7b4de, org.springframework.test.context.jdbc.SqlScriptsTestExecutionListener@32cf48b7]
2018-04-14 16:02:25.436 [main] INFO  o.s.beans.factory.xml.XmlBeanDefinitionReader - Loading XML bean definitions from class path resource [spring-mybatis.xml]
2018-04-14 16:02:25.935 [main] INFO  o.s.context.support.GenericApplicationContext - Refreshing org.springframework.context.support.GenericApplicationContext@64d2d351: startup date [Sat Apr 14 16:02:25 CST 2018]; root of context hierarchy
2018-04-14 16:02:26.431 [main] INFO  o.s.b.f.a.AutowiredAnnotationBeanPostProcessor - JSR-330 'javax.inject.Inject' annotation found and supported for autowiring
2018-04-14 16:02:28.549 [main] INFO  com.alibaba.druid.pool.DruidDataSource - {dataSource-1} inited
2018-04-14 16:02:29.548 [Thread-1] INFO  o.s.context.support.GenericApplicationContext - Closing org.springframework.context.support.GenericApplicationContext@64d2d351: startup date [Sat Apr 14 16:02:25 CST 2018]; root of context hierarchy
2018-04-14 16:02:29.559 [Thread-1] INFO  com.alibaba.druid.pool.DruidDataSource - {dataSource-1} closed
2018-04-14 16:03:26.784 [main] INFO  o.s.t.c.support.DefaultTestContextBootstrapper - Loaded default TestExecutionListener class names from location [META-INF/spring.factories]: [org.springframework.test.context.web.ServletTestExecutionListener, org.springframework.test.context.support.DirtiesContextBeforeModesTestExecutionListener, org.springframework.test.context.support.DependencyInjectionTestExecutionListener, org.springframework.test.context.support.DirtiesContextTestExecutionListener, org.springframework.test.context.transaction.TransactionalTestExecutionListener, org.springframework.test.context.jdbc.SqlScriptsTestExecutionListener]
2018-04-14 16:03:26.820 [main] INFO  o.s.t.c.support.DefaultTestContextBootstrapper - Using TestExecutionListeners: [org.springframework.test.context.web.ServletTestExecutionListener@1efee8e7, org.springframework.test.context.support.DirtiesContextBeforeModesTestExecutionListener@1ee807c6, org.springframework.test.context.support.DependencyInjectionTestExecutionListener@76a4d6c, org.springframework.test.context.support.DirtiesContextTestExecutionListener@517cd4b, org.springframework.test.context.transaction.TransactionalTestExecutionListener@6cc7b4de, org.springframework.test.context.jdbc.SqlScriptsTestExecutionListener@32cf48b7]
2018-04-14 16:03:26.915 [main] INFO  o.s.beans.factory.xml.XmlBeanDefinitionReader - Loading XML bean definitions from class path resource [spring-mybatis.xml]
2018-04-14 16:03:27.410 [main] INFO  o.s.context.support.GenericApplicationContext - Refreshing org.springframework.context.support.GenericApplicationContext@64d2d351: startup date [Sat Apr 14 16:03:27 CST 2018]; root of context hierarchy
2018-04-14 16:03:27.912 [main] INFO  o.s.b.f.a.AutowiredAnnotationBeanPostProcessor - JSR-330 'javax.inject.Inject' annotation found and supported for autowiring
2018-04-14 16:03:29.993 [main] INFO  com.alibaba.druid.pool.DruidDataSource - {dataSource-1} inited
2018-04-14 16:03:30.605 [main] INFO  o.s.beans.factory.xml.XmlBeanDefinitionReader - Loading XML bean definitions from class path resource [org/springframework/jdbc/support/sql-error-codes.xml]
2018-04-14 16:03:30.690 [main] INFO  o.s.jdbc.support.SQLErrorCodesFactory - SQLErrorCodes loaded: [DB2, Derby, H2, HSQL, Informix, MS-SQL, MySQL, Oracle, PostgreSQL, Sybase, Hana]
2018-04-14 16:03:30.713 [Thread-1] INFO  o.s.context.support.GenericApplicationContext - Closing org.springframework.context.support.GenericApplicationContext@64d2d351: startup date [Sat Apr 14 16:03:27 CST 2018]; root of context hierarchy
2018-04-14 16:03:30.725 [Thread-1] INFO  com.alibaba.druid.pool.DruidDataSource - {dataSource-1} closed
2018-04-14 16:05:18.684 [main] INFO  o.s.t.c.support.DefaultTestContextBootstrapper - Loaded default TestExecutionListener class names from location [META-INF/spring.factories]: [org.springframework.test.context.web.ServletTestExecutionListener, org.springframework.test.context.support.DirtiesContextBeforeModesTestExecutionListener, org.springframework.test.context.support.DependencyInjectionTestExecutionListener, org.springframework.test.context.support.DirtiesContextTestExecutionListener, org.springframework.test.context.transaction.TransactionalTestExecutionListener, org.springframework.test.context.jdbc.SqlScriptsTestExecutionListener]
2018-04-14 16:05:18.705 [main] INFO  o.s.t.c.support.DefaultTestContextBootstrapper - Using TestExecutionListeners: [org.springframework.test.context.web.ServletTestExecutionListener@1efee8e7, org.springframework.test.context.support.DirtiesContextBeforeModesTestExecutionListener@1ee807c6, org.springframework.test.context.support.DependencyInjectionTestExecutionListener@76a4d6c, org.springframework.test.context.support.DirtiesContextTestExecutionListener@517cd4b, org.springframework.test.context.transaction.TransactionalTestExecutionListener@6cc7b4de, org.springframework.test.context.jdbc.SqlScriptsTestExecutionListener@32cf48b7]
2018-04-14 16:05:18.816 [main] INFO  o.s.beans.factory.xml.XmlBeanDefinitionReader - Loading XML bean definitions from class path resource [spring-mybatis.xml]
2018-04-14 16:05:19.318 [main] INFO  o.s.context.support.GenericApplicationContext - Refreshing org.springframework.context.support.GenericApplicationContext@64d2d351: startup date [Sat Apr 14 16:05:19 CST 2018]; root of context hierarchy
2018-04-14 16:05:19.736 [main] INFO  o.s.b.f.a.AutowiredAnnotationBeanPostProcessor - JSR-330 'javax.inject.Inject' annotation found and supported for autowiring
2018-04-14 16:05:21.825 [main] INFO  com.alibaba.druid.pool.DruidDataSource - {dataSource-1} inited
2018-04-14 16:05:22.471 [main] INFO  o.s.beans.factory.xml.XmlBeanDefinitionReader - Loading XML bean definitions from class path resource [org/springframework/jdbc/support/sql-error-codes.xml]
2018-04-14 16:05:22.504 [main] INFO  o.s.jdbc.support.SQLErrorCodesFactory - SQLErrorCodes loaded: [DB2, Derby, H2, HSQL, Informix, MS-SQL, MySQL, Oracle, PostgreSQL, Sybase, Hana]
2018-04-14 16:05:22.521 [Thread-1] INFO  o.s.context.support.GenericApplicationContext - Closing org.springframework.context.support.GenericApplicationContext@64d2d351: startup date [Sat Apr 14 16:05:19 CST 2018]; root of context hierarchy
2018-04-14 16:05:22.537 [Thread-1] INFO  com.alibaba.druid.pool.DruidDataSource - {dataSource-1} closed
2018-04-14 16:06:19.392 [main] INFO  o.s.t.c.support.DefaultTestContextBootstrapper - Loaded default TestExecutionListener class names from location [META-INF/spring.factories]: [org.springframework.test.context.web.ServletTestExecutionListener, org.springframework.test.context.support.DirtiesContextBeforeModesTestExecutionListener, org.springframework.test.context.support.DependencyInjectionTestExecutionListener, org.springframework.test.context.support.DirtiesContextTestExecutionListener, org.springframework.test.context.transaction.TransactionalTestExecutionListener, org.springframework.test.context.jdbc.SqlScriptsTestExecutionListener]
2018-04-14 16:06:19.437 [main] INFO  o.s.t.c.support.DefaultTestContextBootstrapper - Using TestExecutionListeners: [org.springframework.test.context.web.ServletTestExecutionListener@1efee8e7, org.springframework.test.context.support.DirtiesContextBeforeModesTestExecutionListener@1ee807c6, org.springframework.test.context.support.DependencyInjectionTestExecutionListener@76a4d6c, org.springframework.test.context.support.DirtiesContextTestExecutionListener@517cd4b, org.springframework.test.context.transaction.TransactionalTestExecutionListener@6cc7b4de, org.springframework.test.context.jdbc.SqlScriptsTestExecutionListener@32cf48b7]
2018-04-14 16:06:19.541 [main] INFO  o.s.beans.factory.xml.XmlBeanDefinitionReader - Loading XML bean definitions from class path resource [spring-mybatis.xml]
2018-04-14 16:06:19.985 [main] INFO  o.s.context.support.GenericApplicationContext - Refreshing org.springframework.context.support.GenericApplicationContext@64d2d351: startup date [Sat Apr 14 16:06:19 CST 2018]; root of context hierarchy
2018-04-14 16:06:20.443 [main] INFO  o.s.b.f.a.AutowiredAnnotationBeanPostProcessor - JSR-330 'javax.inject.Inject' annotation found and supported for autowiring
2018-04-14 16:06:22.349 [main] INFO  com.alibaba.druid.pool.DruidDataSource - {dataSource-1} inited
2018-04-14 16:06:23.171 [Thread-1] INFO  o.s.context.support.GenericApplicationContext - Closing org.springframework.context.support.GenericApplicationContext@64d2d351: startup date [Sat Apr 14 16:06:19 CST 2018]; root of context hierarchy
2018-04-14 16:06:23.177 [Thread-1] INFO  com.alibaba.druid.pool.DruidDataSource - {dataSource-1} closed
2018-04-14 16:09:42.378 [main] INFO  o.s.t.c.support.DefaultTestContextBootstrapper - Loaded default TestExecutionListener class names from location [META-INF/spring.factories]: [org.springframework.test.context.web.ServletTestExecutionListener, org.springframework.test.context.support.DirtiesContextBeforeModesTestExecutionListener, org.springframework.test.context.support.DependencyInjectionTestExecutionListener, org.springframework.test.context.support.DirtiesContextTestExecutionListener, org.springframework.test.context.transaction.TransactionalTestExecutionListener, org.springframework.test.context.jdbc.SqlScriptsTestExecutionListener]
2018-04-14 16:09:42.418 [main] INFO  o.s.t.c.support.DefaultTestContextBootstrapper - Using TestExecutionListeners: [org.springframework.test.context.web.ServletTestExecutionListener@1efee8e7, org.springframework.test.context.support.DirtiesContextBeforeModesTestExecutionListener@1ee807c6, org.springframework.test.context.support.DependencyInjectionTestExecutionListener@76a4d6c, org.springframework.test.context.support.DirtiesContextTestExecutionListener@517cd4b, org.springframework.test.context.transaction.TransactionalTestExecutionListener@6cc7b4de, org.springframework.test.context.jdbc.SqlScriptsTestExecutionListener@32cf48b7]
2018-04-14 16:09:42.562 [main] INFO  o.s.beans.factory.xml.XmlBeanDefinitionReader - Loading XML bean definitions from class path resource [spring-mybatis.xml]
2018-04-14 16:09:43.130 [main] INFO  o.s.context.support.GenericApplicationContext - Refreshing org.springframework.context.support.GenericApplicationContext@64d2d351: startup date [Sat Apr 14 16:09:43 CST 2018]; root of context hierarchy
2018-04-14 16:09:43.495 [main] INFO  o.s.b.f.a.AutowiredAnnotationBeanPostProcessor - JSR-330 'javax.inject.Inject' annotation found and supported for autowiring
2018-04-14 16:09:45.760 [main] INFO  com.alibaba.druid.pool.DruidDataSource - {dataSource-1} inited
2018-04-14 16:09:46.420 [main] INFO  o.s.beans.factory.xml.XmlBeanDefinitionReader - Loading XML bean definitions from class path resource [org/springframework/jdbc/support/sql-error-codes.xml]
2018-04-14 16:09:46.505 [main] INFO  o.s.jdbc.support.SQLErrorCodesFactory - SQLErrorCodes loaded: [DB2, Derby, H2, HSQL, Informix, MS-SQL, MySQL, Oracle, PostgreSQL, Sybase, Hana]
2018-04-14 16:09:46.562 [Thread-1] INFO  o.s.context.support.GenericApplicationContext - Closing org.springframework.context.support.GenericApplicationContext@64d2d351: startup date [Sat Apr 14 16:09:43 CST 2018]; root of context hierarchy
2018-04-14 16:09:46.573 [Thread-1] INFO  com.alibaba.druid.pool.DruidDataSource - {dataSource-1} closed
2018-04-14 16:11:02.052 [main] INFO  o.s.t.c.support.DefaultTestContextBootstrapper - Loaded default TestExecutionListener class names from location [META-INF/spring.factories]: [org.springframework.test.context.web.ServletTestExecutionListener, org.springframework.test.context.support.DirtiesContextBeforeModesTestExecutionListener, org.springframework.test.context.support.DependencyInjectionTestExecutionListener, org.springframework.test.context.support.DirtiesContextTestExecutionListener, org.springframework.test.context.transaction.TransactionalTestExecutionListener, org.springframework.test.context.jdbc.SqlScriptsTestExecutionListener]
2018-04-14 16:11:02.073 [main] INFO  o.s.t.c.support.DefaultTestContextBootstrapper - Using TestExecutionListeners: [org.springframework.test.context.web.ServletTestExecutionListener@1efee8e7, org.springframework.test.context.support.DirtiesContextBeforeModesTestExecutionListener@1ee807c6, org.springframework.test.context.support.DependencyInjectionTestExecutionListener@76a4d6c, org.springframework.test.context.support.DirtiesContextTestExecutionListener@517cd4b, org.springframework.test.context.transaction.TransactionalTestExecutionListener@6cc7b4de, org.springframework.test.context.jdbc.SqlScriptsTestExecutionListener@32cf48b7]
2018-04-14 16:11:02.174 [main] INFO  o.s.beans.factory.xml.XmlBeanDefinitionReader - Loading XML bean definitions from class path resource [spring-mybatis.xml]
2018-04-14 16:11:02.695 [main] INFO  o.s.context.support.GenericApplicationContext - Refreshing org.springframework.context.support.GenericApplicationContext@64d2d351: startup date [Sat Apr 14 16:11:02 CST 2018]; root of context hierarchy
2018-04-14 16:11:03.128 [main] INFO  o.s.b.f.a.AutowiredAnnotationBeanPostProcessor - JSR-330 'javax.inject.Inject' annotation found and supported for autowiring
2018-04-14 16:11:05.004 [main] INFO  com.alibaba.druid.pool.DruidDataSource - {dataSource-1} inited
2018-04-14 16:11:05.707 [main] INFO  o.s.beans.factory.xml.XmlBeanDefinitionReader - Loading XML bean definitions from class path resource [org/springframework/jdbc/support/sql-error-codes.xml]
2018-04-14 16:11:05.797 [main] INFO  o.s.jdbc.support.SQLErrorCodesFactory - SQLErrorCodes loaded: [DB2, Derby, H2, HSQL, Informix, MS-SQL, MySQL, Oracle, PostgreSQL, Sybase, Hana]
2018-04-14 16:11:05.823 [Thread-1] INFO  o.s.context.support.GenericApplicationContext - Closing org.springframework.context.support.GenericApplicationContext@64d2d351: startup date [Sat Apr 14 16:11:02 CST 2018]; root of context hierarchy
2018-04-14 16:11:05.834 [Thread-1] INFO  com.alibaba.druid.pool.DruidDataSource - {dataSource-1} closed
2018-04-14 16:12:39.230 [main] INFO  o.s.t.c.support.DefaultTestContextBootstrapper - Loaded default TestExecutionListener class names from location [META-INF/spring.factories]: [org.springframework.test.context.web.ServletTestExecutionListener, org.springframework.test.context.support.DirtiesContextBeforeModesTestExecutionListener, org.springframework.test.context.support.DependencyInjectionTestExecutionListener, org.springframework.test.context.support.DirtiesContextTestExecutionListener, org.springframework.test.context.transaction.TransactionalTestExecutionListener, org.springframework.test.context.jdbc.SqlScriptsTestExecutionListener]
2018-04-14 16:12:39.255 [main] INFO  o.s.t.c.support.DefaultTestContextBootstrapper - Using TestExecutionListeners: [org.springframework.test.context.web.ServletTestExecutionListener@1efee8e7, org.springframework.test.context.support.DirtiesContextBeforeModesTestExecutionListener@1ee807c6, org.springframework.test.context.support.DependencyInjectionTestExecutionListener@76a4d6c, org.springframework.test.context.support.DirtiesContextTestExecutionListener@517cd4b, org.springframework.test.context.transaction.TransactionalTestExecutionListener@6cc7b4de, org.springframework.test.context.jdbc.SqlScriptsTestExecutionListener@32cf48b7]
2018-04-14 16:12:39.382 [main] INFO  o.s.beans.factory.xml.XmlBeanDefinitionReader - Loading XML bean definitions from class path resource [spring-mybatis.xml]
2018-04-14 16:12:39.925 [main] INFO  o.s.context.support.GenericApplicationContext - Refreshing org.springframework.context.support.GenericApplicationContext@64d2d351: startup date [Sat Apr 14 16:12:39 CST 2018]; root of context hierarchy
2018-04-14 16:12:40.326 [main] INFO  o.s.b.f.a.AutowiredAnnotationBeanPostProcessor - JSR-330 'javax.inject.Inject' annotation found and supported for autowiring
2018-04-14 16:12:42.395 [main] INFO  com.alibaba.druid.pool.DruidDataSource - {dataSource-1} inited
2018-04-14 16:12:43.264 [Thread-1] INFO  o.s.context.support.GenericApplicationContext - Closing org.springframework.context.support.GenericApplicationContext@64d2d351: startup date [Sat Apr 14 16:12:39 CST 2018]; root of context hierarchy
2018-04-14 16:12:43.281 [Thread-1] INFO  com.alibaba.druid.pool.DruidDataSource - {dataSource-1} closed
2018-04-14 16:16:03.153 [main] INFO  o.s.t.c.support.DefaultTestContextBootstrapper - Loaded default TestExecutionListener class names from location [META-INF/spring.factories]: [org.springframework.test.context.web.ServletTestExecutionListener, org.springframework.test.context.support.DirtiesContextBeforeModesTestExecutionListener, org.springframework.test.context.support.DependencyInjectionTestExecutionListener, org.springframework.test.context.support.DirtiesContextTestExecutionListener, org.springframework.test.context.transaction.TransactionalTestExecutionListener, org.springframework.test.context.jdbc.SqlScriptsTestExecutionListener]
2018-04-14 16:16:03.179 [main] INFO  o.s.t.c.support.DefaultTestContextBootstrapper - Using TestExecutionListeners: [org.springframework.test.context.web.ServletTestExecutionListener@1efee8e7, org.springframework.test.context.support.DirtiesContextBeforeModesTestExecutionListener@1ee807c6, org.springframework.test.context.support.DependencyInjectionTestExecutionListener@76a4d6c, org.springframework.test.context.support.DirtiesContextTestExecutionListener@517cd4b, org.springframework.test.context.transaction.TransactionalTestExecutionListener@6cc7b4de, org.springframework.test.context.jdbc.SqlScriptsTestExecutionListener@32cf48b7]
2018-04-14 16:16:03.338 [main] INFO  o.s.beans.factory.xml.XmlBeanDefinitionReader - Loading XML bean definitions from class path resource [spring-mybatis.xml]
2018-04-14 16:16:03.883 [main] INFO  o.s.context.support.GenericApplicationContext - Refreshing org.springframework.context.support.GenericApplicationContext@64d2d351: startup date [Sat Apr 14 16:16:03 CST 2018]; root of context hierarchy
2018-04-14 16:16:04.326 [main] INFO  o.s.b.f.a.AutowiredAnnotationBeanPostProcessor - JSR-330 'javax.inject.Inject' annotation found and supported for autowiring
2018-04-14 16:16:06.571 [main] INFO  com.alibaba.druid.pool.DruidDataSource - {dataSource-1} inited
2018-04-14 16:16:07.380 [Thread-1] INFO  o.s.context.support.GenericApplicationContext - Closing org.springframework.context.support.GenericApplicationContext@64d2d351: startup date [Sat Apr 14 16:16:03 CST 2018]; root of context hierarchy
2018-04-14 16:16:07.388 [Thread-1] INFO  com.alibaba.druid.pool.DruidDataSource - {dataSource-1} closed
2018-04-14 23:02:13.241 [main] INFO  o.s.t.c.support.DefaultTestContextBootstrapper - Loaded default TestExecutionListener class names from location [META-INF/spring.factories]: [org.springframework.test.context.web.ServletTestExecutionListener, org.springframework.test.context.support.DirtiesContextBeforeModesTestExecutionListener, org.springframework.test.context.support.DependencyInjectionTestExecutionListener, org.springframework.test.context.support.DirtiesContextTestExecutionListener, org.springframework.test.context.transaction.TransactionalTestExecutionListener, org.springframework.test.context.jdbc.SqlScriptsTestExecutionListener]
2018-04-14 23:02:13.286 [main] INFO  o.s.t.c.support.DefaultTestContextBootstrapper - Using TestExecutionListeners: [org.springframework.test.context.web.ServletTestExecutionListener@306f16f3, org.springframework.test.context.support.DirtiesContextBeforeModesTestExecutionListener@702b8b12, org.springframework.test.context.support.DependencyInjectionTestExecutionListener@22e357dc, org.springframework.test.context.support.DirtiesContextTestExecutionListener@49912c99, org.springframework.test.context.transaction.TransactionalTestExecutionListener@10163d6, org.springframework.test.context.jdbc.SqlScriptsTestExecutionListener@2dde1bff]
2018-04-14 23:02:13.609 [main] INFO  o.s.beans.factory.xml.XmlBeanDefinitionReader - Loading XML bean definitions from class path resource [spring-mybatis.xml]
2018-04-14 23:02:14.288 [main] INFO  o.s.context.support.GenericApplicationContext - Refreshing org.springframework.context.support.GenericApplicationContext@23c30a20: startup date [Sat Apr 14 23:02:14 CST 2018]; root of context hierarchy
2018-04-14 23:02:14.825 [main] INFO  o.s.b.f.a.AutowiredAnnotationBeanPostProcessor - JSR-330 'javax.inject.Inject' annotation found and supported for autowiring
2018-04-14 23:02:17.156 [main] INFO  com.alibaba.druid.pool.DruidDataSource - {dataSource-1} inited
2018-04-14 23:07:35.846 [Thread-1] INFO  o.s.context.support.GenericApplicationContext - Closing org.springframework.context.support.GenericApplicationContext@23c30a20: startup date [Sat Apr 14 23:02:14 CST 2018]; root of context hierarchy
2018-04-14 23:07:35.862 [Thread-1] INFO  com.alibaba.druid.pool.DruidDataSource - {dataSource-1} closed
2018-04-14 23:07:44.678 [main] INFO  o.s.t.c.support.DefaultTestContextBootstrapper - Loaded default TestExecutionListener class names from location [META-INF/spring.factories]: [org.springframework.test.context.web.ServletTestExecutionListener, org.springframework.test.context.support.DirtiesContextBeforeModesTestExecutionListener, org.springframework.test.context.support.DependencyInjectionTestExecutionListener, org.springframework.test.context.support.DirtiesContextTestExecutionListener, org.springframework.test.context.transaction.TransactionalTestExecutionListener, org.springframework.test.context.jdbc.SqlScriptsTestExecutionListener]
2018-04-14 23:07:44.712 [main] INFO  o.s.t.c.support.DefaultTestContextBootstrapper - Using TestExecutionListeners: [org.springframework.test.context.web.ServletTestExecutionListener@306f16f3, org.springframework.test.context.support.DirtiesContextBeforeModesTestExecutionListener@702b8b12, org.springframework.test.context.support.DependencyInjectionTestExecutionListener@22e357dc, org.springframework.test.context.support.DirtiesContextTestExecutionListener@49912c99, org.springframework.test.context.transaction.TransactionalTestExecutionListener@10163d6, org.springframework.test.context.jdbc.SqlScriptsTestExecutionListener@2dde1bff]
2018-04-14 23:07:45.060 [main] INFO  o.s.beans.factory.xml.XmlBeanDefinitionReader - Loading XML bean definitions from class path resource [spring-mybatis.xml]
2018-04-14 23:07:45.514 [main] INFO  o.s.context.support.GenericApplicationContext - Refreshing org.springframework.context.support.GenericApplicationContext@23c30a20: startup date [Sat Apr 14 23:07:45 CST 2018]; root of context hierarchy
2018-04-14 23:07:45.966 [main] INFO  o.s.b.f.a.AutowiredAnnotationBeanPostProcessor - JSR-330 'javax.inject.Inject' annotation found and supported for autowiring
2018-04-14 23:07:48.456 [main] INFO  com.alibaba.druid.pool.DruidDataSource - {dataSource-1} inited
2018-04-14 23:08:02.360 [Thread-1] INFO  o.s.context.support.GenericApplicationContext - Closing org.springframework.context.support.GenericApplicationContext@23c30a20: startup date [Sat Apr 14 23:07:45 CST 2018]; root of context hierarchy
2018-04-14 23:08:02.373 [Thread-1] INFO  com.alibaba.druid.pool.DruidDataSource - {dataSource-1} closed
2018-04-14 23:08:08.255 [main] INFO  o.s.t.c.support.DefaultTestContextBootstrapper - Loaded default TestExecutionListener class names from location [META-INF/spring.factories]: [org.springframework.test.context.web.ServletTestExecutionListener, org.springframework.test.context.support.DirtiesContextBeforeModesTestExecutionListener, org.springframework.test.context.support.DependencyInjectionTestExecutionListener, org.springframework.test.context.support.DirtiesContextTestExecutionListener, org.springframework.test.context.transaction.TransactionalTestExecutionListener, org.springframework.test.context.jdbc.SqlScriptsTestExecutionListener]
2018-04-14 23:08:08.281 [main] INFO  o.s.t.c.support.DefaultTestContextBootstrapper - Using TestExecutionListeners: [org.springframework.test.context.web.ServletTestExecutionListener@306f16f3, org.springframework.test.context.support.DirtiesContextBeforeModesTestExecutionListener@702b8b12, org.springframework.test.context.support.DependencyInjectionTestExecutionListener@22e357dc, org.springframework.test.context.support.DirtiesContextTestExecutionListener@49912c99, org.springframework.test.context.transaction.TransactionalTestExecutionListener@10163d6, org.springframework.test.context.jdbc.SqlScriptsTestExecutionListener@2dde1bff]
2018-04-14 23:08:08.432 [main] INFO  o.s.beans.factory.xml.XmlBeanDefinitionReader - Loading XML bean definitions from class path resource [spring-mybatis.xml]
2018-04-14 23:08:09.144 [main] INFO  o.s.context.support.GenericApplicationContext - Refreshing org.springframework.context.support.GenericApplicationContext@23c30a20: startup date [Sat Apr 14 23:08:09 CST 2018]; root of context hierarchy
2018-04-14 23:08:09.716 [main] INFO  o.s.b.f.a.AutowiredAnnotationBeanPostProcessor - JSR-330 'javax.inject.Inject' annotation found and supported for autowiring
2018-04-14 23:08:11.494 [main] INFO  com.alibaba.druid.pool.DruidDataSource - {dataSource-1} inited
2018-04-14 23:08:15.682 [Thread-1] INFO  o.s.context.support.GenericApplicationContext - Closing org.springframework.context.support.GenericApplicationContext@23c30a20: startup date [Sat Apr 14 23:08:09 CST 2018]; root of context hierarchy
2018-04-14 23:08:15.690 [Thread-1] INFO  com.alibaba.druid.pool.DruidDataSource - {dataSource-1} closed
2018-04-14 23:14:42.021 [main] INFO  o.s.t.c.support.DefaultTestContextBootstrapper - Loaded default TestExecutionListener class names from location [META-INF/spring.factories]: [org.springframework.test.context.web.ServletTestExecutionListener, org.springframework.test.context.support.DirtiesContextBeforeModesTestExecutionListener, org.springframework.test.context.support.DependencyInjectionTestExecutionListener, org.springframework.test.context.support.DirtiesContextTestExecutionListener, org.springframework.test.context.transaction.TransactionalTestExecutionListener, org.springframework.test.context.jdbc.SqlScriptsTestExecutionListener]
2018-04-14 23:14:42.064 [main] INFO  o.s.t.c.support.DefaultTestContextBootstrapper - Using TestExecutionListeners: [org.springframework.test.context.web.ServletTestExecutionListener@306f16f3, org.springframework.test.context.support.DirtiesContextBeforeModesTestExecutionListener@702b8b12, org.springframework.test.context.support.DependencyInjectionTestExecutionListener@22e357dc, org.springframework.test.context.support.DirtiesContextTestExecutionListener@49912c99, org.springframework.test.context.transaction.TransactionalTestExecutionListener@10163d6, org.springframework.test.context.jdbc.SqlScriptsTestExecutionListener@2dde1bff]
2018-04-14 23:14:42.339 [main] INFO  o.s.beans.factory.xml.XmlBeanDefinitionReader - Loading XML bean definitions from class path resource [spring-mybatis.xml]
2018-04-14 23:14:42.928 [main] INFO  o.s.context.support.GenericApplicationContext - Refreshing org.springframework.context.support.GenericApplicationContext@23c30a20: startup date [Sat Apr 14 23:14:42 CST 2018]; root of context hierarchy
2018-04-14 23:14:43.234 [main] INFO  o.s.b.f.a.AutowiredAnnotationBeanPostProcessor - JSR-330 'javax.inject.Inject' annotation found and supported for autowiring
2018-04-14 23:14:47.877 [main] INFO  com.alibaba.druid.pool.DruidDataSource - {dataSource-1} inited
2018-04-14 23:15:05.784 [Thread-1] INFO  o.s.context.support.GenericApplicationContext - Closing org.springframework.context.support.GenericApplicationContext@23c30a20: startup date [Sat Apr 14 23:14:42 CST 2018]; root of context hierarchy
2018-04-14 23:15:05.791 [Thread-1] INFO  com.alibaba.druid.pool.DruidDataSource - {dataSource-1} closed
2018-04-14 23:15:15.594 [main] INFO  o.s.t.c.support.DefaultTestContextBootstrapper - Loaded default TestExecutionListener class names from location [META-INF/spring.factories]: [org.springframework.test.context.web.ServletTestExecutionListener, org.springframework.test.context.support.DirtiesContextBeforeModesTestExecutionListener, org.springframework.test.context.support.DependencyInjectionTestExecutionListener, org.springframework.test.context.support.DirtiesContextTestExecutionListener, org.springframework.test.context.transaction.TransactionalTestExecutionListener, org.springframework.test.context.jdbc.SqlScriptsTestExecutionListener]
2018-04-14 23:15:15.636 [main] INFO  o.s.t.c.support.DefaultTestContextBootstrapper - Using TestExecutionListeners: [org.springframework.test.context.web.ServletTestExecutionListener@306f16f3, org.springframework.test.context.support.DirtiesContextBeforeModesTestExecutionListener@702b8b12, org.springframework.test.context.support.DependencyInjectionTestExecutionListener@22e357dc, org.springframework.test.context.support.DirtiesContextTestExecutionListener@49912c99, org.springframework.test.context.transaction.TransactionalTestExecutionListener@10163d6, org.springframework.test.context.jdbc.SqlScriptsTestExecutionListener@2dde1bff]
2018-04-14 23:15:15.795 [main] INFO  o.s.beans.factory.xml.XmlBeanDefinitionReader - Loading XML bean definitions from class path resource [spring-mybatis.xml]
2018-04-14 23:15:16.482 [main] INFO  o.s.context.support.GenericApplicationContext - Refreshing org.springframework.context.support.GenericApplicationContext@23c30a20: startup date [Sat Apr 14 23:15:16 CST 2018]; root of context hierarchy
2018-04-14 23:15:17.015 [main] INFO  o.s.b.f.a.AutowiredAnnotationBeanPostProcessor - JSR-330 'javax.inject.Inject' annotation found and supported for autowiring
2018-04-14 23:15:20.560 [main] INFO  com.alibaba.druid.pool.DruidDataSource - {dataSource-1} inited
2018-04-14 23:17:36.920 [Thread-1] INFO  o.s.context.support.GenericApplicationContext - Closing org.springframework.context.support.GenericApplicationContext@23c30a20: startup date [Sat Apr 14 23:15:16 CST 2018]; root of context hierarchy
2018-04-14 23:17:36.947 [Thread-1] INFO  com.alibaba.druid.pool.DruidDataSource - {dataSource-1} closed
2018-04-14 23:17:54.797 [main] INFO  o.s.t.c.support.DefaultTestContextBootstrapper - Loaded default TestExecutionListener class names from location [META-INF/spring.factories]: [org.springframework.test.context.web.ServletTestExecutionListener, org.springframework.test.context.support.DirtiesContextBeforeModesTestExecutionListener, org.springframework.test.context.support.DependencyInjectionTestExecutionListener, org.springframework.test.context.support.DirtiesContextTestExecutionListener, org.springframework.test.context.transaction.TransactionalTestExecutionListener, org.springframework.test.context.jdbc.SqlScriptsTestExecutionListener]
2018-04-14 23:17:54.860 [main] INFO  o.s.t.c.support.DefaultTestContextBootstrapper - Using TestExecutionListeners: [org.springframework.test.context.web.ServletTestExecutionListener@306f16f3, org.springframework.test.context.support.DirtiesContextBeforeModesTestExecutionListener@702b8b12, org.springframework.test.context.support.DependencyInjectionTestExecutionListener@22e357dc, org.springframework.test.context.support.DirtiesContextTestExecutionListener@49912c99, org.springframework.test.context.transaction.TransactionalTestExecutionListener@10163d6, org.springframework.test.context.jdbc.SqlScriptsTestExecutionListener@2dde1bff]
2018-04-14 23:17:55.023 [main] INFO  o.s.beans.factory.xml.XmlBeanDefinitionReader - Loading XML bean definitions from class path resource [spring-mybatis.xml]
2018-04-14 23:17:55.758 [main] INFO  o.s.context.support.GenericApplicationContext - Refreshing org.springframework.context.support.GenericApplicationContext@23c30a20: startup date [Sat Apr 14 23:17:55 CST 2018]; root of context hierarchy
2018-04-14 23:17:56.085 [main] INFO  o.s.b.f.a.AutowiredAnnotationBeanPostProcessor - JSR-330 'javax.inject.Inject' annotation found and supported for autowiring
2018-04-14 23:17:58.183 [main] INFO  com.alibaba.druid.pool.DruidDataSource - {dataSource-1} inited
2018-04-14 23:18:02.937 [Thread-1] INFO  o.s.context.support.GenericApplicationContext - Closing org.springframework.context.support.GenericApplicationContext@23c30a20: startup date [Sat Apr 14 23:17:55 CST 2018]; root of context hierarchy
2018-04-14 23:18:02.946 [Thread-1] INFO  com.alibaba.druid.pool.DruidDataSource - {dataSource-1} closed
